[Licensing::Module] Trying to connect to existing licensing client channel...
Built from '6000.3/staging' branch; Version is '6000.3.5f1 (a1ec4b2f2d19) revision 10611787'; Using compiler version '194234433'; Build Type 'Release'
OS: 'Windows 11  (10.0.26200) Professional' Language: 'ru' Physical Memory: 16084 MB
[Licensing::IpcConnector] Successfully connected to: "LicenseClient-Артем" at "2026-05-02T11:39:23.8002693Z"
BatchMode: 1, IsHumanControllingUs: 0, StartBugReporterOnCrash: 0, Is64bit: 1
System  architecture: x64
Process architecture: x64
Date: 2026-05-02T11:39:23Z

COMMAND LINE ARGUMENTS:
C:\Program Files\Unity\Hub\Editor\6000.3.5f1\Editor\Unity.exe
-adb2
-batchMode
-noUpm
-name
AssetImportWorker2
-projectPath
C:/Users/Артем/my2dgame/Temp/2dgame/Temp/TarGZ/OinkJam2
-logFile
Logs/AssetImportWorker2.log
-srvPort
50887
-licensingIpc
LicenseClient-Артем
-job-worker-count
7
-background-job-worker-count
8
-gc-helper-count
1
-name
AssetImport
Successfully changed project path to: C:/Users/Артем/my2dgame/Temp/2dgame/Temp/TarGZ/OinkJam2
C:/Users/Артем/my2dgame/Temp/2dgame/Temp/TarGZ/OinkJam2
[UnityMemory] Configuration Parameters - Can be set up in boot.config
    "memorysetup-temp-allocator-size-nav-mesh-worker=65536"
    "memorysetup-temp-allocator-size-audio-worker=65536"
    "memorysetup-temp-allocator-size-gfx=262144"
    "memorysetup-allocator-temp-initial-block-size-main=262144"
    "memorysetup-allocator-temp-initial-block-size-worker=262144"
    "memorysetup-temp-allocator-size-background-worker=32768"
    "memorysetup-temp-allocator-size-job-worker=262144"
    "memorysetup-temp-allocator-size-preload-manager=33554432"
    "memorysetup-temp-allocator-size-gi-baking-worker=262144"
    "memorysetup-temp-allocator-size-gi-baking-worker=262144"
    "memorysetup-temp-allocator-size-gi-baking-worker=262144"
    "memorysetup-temp-allocator-size-gi-baking-worker=262144"
    "memorysetup-temp-allocator-size-gi-baking-worker=262144"
    "memorysetup-bucket-allocator-granularity=16"
    "memorysetup-bucket-allocator-bucket-count=8"
    "memorysetup-bucket-allocator-block-size=33554432"
    "memorysetup-bucket-allocator-block-count=8"
    "memorysetup-main-allocator-block-size=16777216"
    "memorysetup-thread-allocator-block-size=16777216"
    "memorysetup-gfx-main-allocator-block-size=16777216"
    "memorysetup-gfx-thread-allocator-block-size=16777216"
    "memorysetup-cache-allocator-block-size=4194304"
    "memorysetup-typetree-allocator-block-size=2097152"
    "memorysetup-profiler-bucket-allocator-granularity=16"
    "memorysetup-profiler-bucket-allocator-bucket-count=8"
    "memorysetup-profiler-bucket-allocator-block-size=33554432"
    "memorysetup-profiler-bucket-allocator-block-count=8"
    "memorysetup-profiler-allocator-block-size=16777216"
    "memorysetup-profiler-editor-allocator-block-size=1048576"
    "memorysetup-temp-allocator-size-main=16777216"
    "memorysetup-job-temp-allocator-block-size=2097152"
    "memorysetup-job-temp-allocator-block-size-background=1048576"
    "memorysetup-job-temp-allocator-reduction-small-platforms=262144"
    "memorysetup-temp-allocator-size-cloud-worker=32768"
Player connection [25404]  Target information:

Player connection [25404] Host joined multi-casting on [225.0.0.222:54997]...
Player connection [25404] Host joined alternative multi-casting on [225.0.0.222:34997]...
JobSystem: Creating JobQueue using job-worker-count value 7
Input System module state changed to: Initialized.
[Physics::Module] Initialized fallback backend.
[Physics::Module] Id: 0xdecafbad
Library Redirect Path: Library/
[Physics::Module] Selected backend.
[Physics::Module] Name: PhysX
[Physics::Module] Id: 0xf2b8ea05
[Physics::Module] SDK Version: 4.1.2
[Physics::Module] Integration Version: 1.0.0
[Physics::Module] Threading Mode: Multi-Threaded
Refreshing native plugins compatible for Editor in 5.92 ms, found 4 plugins.
Preloading 0 native plugins for Editor in 0.00 ms.
Initialize engine version: 6000.3.5f1 (a1ec4b2f2d19)
[Subsystems] Discovering subsystems at path C:/Program Files/Unity/Hub/Editor/6000.3.5f1/Editor/Data/Resources/UnitySubsystems
[Subsystems] Discovering subsystems at path C:/Users/Артем/my2dgame/Temp/2dgame/Temp/TarGZ/OinkJam2/Assets
GfxDevice: creating device client; kGfxThreadingModeNonThreaded
Direct3D:
    Version:  Direct3D 11.0 [level 11.1]
    Renderer: NVIDIA GeForce RTX 3050 Laptop GPU (ID=0x25a2)
    Vendor:   NVIDIA
    VRAM:     3965 MB
    Driver:   32.0.15.9174
Initialize mono
Mono path[0] = 'C:/Program Files/Unity/Hub/Editor/6000.3.5f1/Editor/Data/Managed'
Mono path[1] = 'C:/Program Files/Unity/Hub/Editor/6000.3.5f1/Editor/Data/MonoBleedingEdge/lib/mono/unityjit-win32'
Mono config path = 'C:/Program Files/Unity/Hub/Editor/6000.3.5f1/Editor/Data/MonoBleedingEdge/etc'
Using monoOptions --debugger-agent=transport=dt_socket,embedding=1,server=y,suspend=n,address=127.0.0.1:56856
Begin MonoManager ReloadAssembly
Registering precompiled unity dll's ...
Register platform support module: C:/Program Files/Unity/Hub/Editor/6000.3.5f1/Editor/Data/PlaybackEngines/WebGLSupport/UnityEditor.WebGL.Extensions.dll
Register platform support module: C:/Program Files/Unity/Hub/Editor/6000.3.5f1/Editor/Data/PlaybackEngines/WindowsStandaloneSupport/UnityEditor.WindowsStandalone.Extensions.dll
Registered in 0.004912 seconds.
- Loaded All Assemblies, in  0.570 seconds
[Licensing::Client] Handshaking with LicensingClient:
  Version:                 1.17.4+4293ba1
  Session Id:              295b0cf1ee3d40079db886857e7b9393
  Correlation Id:          52dc926c7de68f696a32230c19edc8f6
  External correlation Id: 461269764358360345
  Machine Id:              I2Y9b94ppyLyV8HiTF3ycXiV11g=
[Licensing::Module] Successfully connected to LicensingClient on channel: "LicenseClient-Артем" (connect: 0.00s, validation: 0.00s, handshake: 1.35s)
[Licensing::IpcConnector] Successfully connected to: "LicenseClient-Артем-notifications" at "2026-05-02T11:39:25.1516222Z"
[Licensing::Module] Licensing Background thread has ended after 1.35s
Native extension for WindowsStandalone target not found
Native extension for WebGL target not found
ScheduleIndexationOnStartup MainProcess:False IndexOnStartup:True
Mono: successfully reloaded assembly
- Finished resetting the current domain, in  0.441 seconds
Domain Reload Profiling: 1006ms
	BeginReloadAssembly (181ms)
		ExecutionOrderSort (0ms)
		DisableScriptedObjects (0ms)
		BackupInstance (0ms)
		ReleaseScriptingObjects (0ms)
		CreateAndSetChildDomain (1ms)
	RebuildCommonClasses (55ms)
	RebuildNativeTypeToScriptingClass (17ms)
	initialDomainReloadingComplete (79ms)
	LoadAllAssembliesAndSetupDomain (233ms)
		LoadAssemblies (177ms)
		RebuildTransferFunctionScriptingTraits (0ms)
		AnalyzeDomain (227ms)
			TypeCache.Refresh (226ms)
				TypeCache.ScanAssembly (207ms)
			BuildScriptInfoCaches (0ms)
			ResolveRequiredComponents (1ms)
	FinalizeReload (441ms)
		ReleaseScriptCaches (0ms)
		RebuildScriptCaches (0ms)
		SetupLoadedEditorAssemblies (392ms)
			LogAssemblyErrors (0ms)
			InitializePlatformSupportModulesInManaged (52ms)
			SetLoadedEditorAssemblies (4ms)
			BeforeProcessingInitializeOnLoad (102ms)
			ProcessInitializeOnLoadAttributes (154ms)
			ProcessInitializeOnLoadMethodAttributes (80ms)
			AfterProcessingInitializeOnLoad (0ms)
			EditorAssembliesLoaded (0ms)
		ExecutionOrderSort2 (0ms)
		AwakeInstancesAfterBackupRestoration (0ms)
========================================================================
Worker process is ready to serve import requests
Import Worker Mode flag is 0x00
Begin MonoManager ReloadAssembly
[Licensing::Client] Successfully resolved entitlement details
[Licensing::Module] License group:
  Id: 10171103463798-UnityPersXXXX
  Product: Unity Personal
  Type: Assigned
  Expiration: Unlimited
- Loaded All Assemblies, in  0.881 seconds
Refreshing native plugins compatible for Editor in 2.07 ms, found 4 plugins.
Native extension for WindowsStandalone target not found
Native extension for WebGL target not found
Package Manager log level set to [2]
[Package Manager] Failed to launch server process. Reason: Unity was launched with the -noUpm command-line argument
[Package Manager] Unable to send message (not connected to server process).
[Package Manager] Cannot connect to Unity Package Manager local server
ScheduleIndexationOnStartup MainProcess:False IndexOnStartup:True
Mono: successfully reloaded assembly
- Finished resetting the current domain, in  0.977 seconds
Domain Reload Profiling: 1851ms
	BeginReloadAssembly (175ms)
		ExecutionOrderSort (0ms)
		DisableScriptedObjects (6ms)
		BackupInstance (0ms)
		ReleaseScriptingObjects (0ms)
		CreateAndSetChildDomain (32ms)
	RebuildCommonClasses (33ms)
	RebuildNativeTypeToScriptingClass (12ms)
	initialDomainReloadingComplete (37ms)
	LoadAllAssembliesAndSetupDomain (617ms)
		LoadAssemblies (443ms)
		RebuildTransferFunctionScriptingTraits (0ms)
		AnalyzeDomain (268ms)
			TypeCache.Refresh (177ms)
				TypeCache.ScanAssembly (162ms)
			BuildScriptInfoCaches (77ms)
			ResolveRequiredComponents (10ms)
	FinalizeReload (977ms)
		ReleaseScriptCaches (0ms)
		RebuildScriptCaches (0ms)
		SetupLoadedEditorAssemblies (839ms)
			LogAssemblyErrors (0ms)
			InitializePlatformSupportModulesInManaged (2ms)
			SetLoadedEditorAssemblies (5ms)
			BeforeProcessingInitializeOnLoad (235ms)
			ProcessInitializeOnLoadAttributes (474ms)
			ProcessInitializeOnLoadMethodAttributes (117ms)
			AfterProcessingInitializeOnLoad (6ms)
			EditorAssembliesLoaded (0ms)
		ExecutionOrderSort2 (0ms)
		AwakeInstancesAfterBackupRestoration (6ms)
Launched and connected shader compiler UnityShaderCompiler.exe after 0.01 seconds
Refreshing native plugins compatible for Editor in 1.81 ms, found 4 plugins.
Preloading 0 native plugins for Editor in 0.00 ms.
Unloading 16 Unused Serialized files (Serialized files now loaded: 0)
Unloading 6910 unused Assets / (4.9 MB). Loaded Objects now: 7727.
Memory consumption went from 154.6 MB to 149.6 MB.
Total: 8.676500 ms (FindLiveObjects: 0.709100 ms CreateObjectMapping: 0.584100 ms MarkObjects: 5.197200 ms  DeleteObjects: 2.184900 ms)

========================================================================
Received Import Request.
  Time since last request: 13698.439172 seconds.
  path: Assets/Environments/New Palette.prefab
  artifactKey: Guid(1c3ca6ebefb1d114cb97b663705491b2) Importer(2089858483,b0f066a214c2f5e87bad3c948f4d605d)
Start importing Assets/Environments/New Palette.prefab using Guid(1c3ca6ebefb1d114cb97b663705491b2) Importer(2089858483,b0f066a214c2f5e87bad3c948f4d605d) (ScriptedImporter) -> (artifact id: '717431a316dd77be66547b8db9b4319f') in 0.145292 seconds
Number of updated asset objects reloaded before import = 0Number of asset objects unloaded after import = 15

========================================================================
Received Import Request.
  Time since last request: 14.647829 seconds.
  path: Assets/Environments/Enviroments_Main.png
  artifactKey: Guid(f76be2dd026c2a74d8eefb484165be0f) Importer(815301076,1909f56bfc062723c751e8b465ee728b)
Start importing Assets/Environments/Enviroments_Main.png using Guid(f76be2dd026c2a74d8eefb484165be0f) Importer(815301076,1909f56bfc062723c751e8b465ee728b) (PreviewImporter) -> (artifact id: 'fb2184f182709ff56ac3ef418fa53cb6') in 0.1278509 seconds
Number of updated asset objects reloaded before import = 0Number of asset objects unloaded after import = 31

========================================================================
Received Import Request.
  Time since last request: 0.823842 seconds.
  path: Assets/Environments/Enviroments_Main.png
  artifactKey: Guid(f76be2dd026c2a74d8eefb484165be0f) Importer(2089858483,b0f066a214c2f5e87bad3c948f4d605d)
Start importing Assets/Environments/Enviroments_Main.png using Guid(f76be2dd026c2a74d8eefb484165be0f) Importer(2089858483,b0f066a214c2f5e87bad3c948f4d605d) (ScriptedImporter) -> (artifact id: '21ce85645c34be800b26ed206f70b357') in 0.1016568 seconds
Number of updated asset objects reloaded before import = 0Number of asset objects unloaded after import = 31

========================================================================
Received Import Request.
  Time since last request: 30.024147 seconds.
  path: Assets/Environments/Enviroments_Main.png
  artifactKey: Guid(f76be2dd026c2a74d8eefb484165be0f) Importer(815301076,1909f56bfc062723c751e8b465ee728b)
Start importing Assets/Environments/Enviroments_Main.png using Guid(f76be2dd026c2a74d8eefb484165be0f) Importer(815301076,1909f56bfc062723c751e8b465ee728b) (PreviewImporter) -> (artifact id: '22364340d43d1bc50f85677f491f94fe') in 0.084585 seconds
Number of updated asset objects reloaded before import = 0Number of asset objects unloaded after import = 31

========================================================================
Received Import Request.
  Time since last request: 0.871862 seconds.
  path: Assets/Environments/Enviroments_Main.png
  artifactKey: Guid(f76be2dd026c2a74d8eefb484165be0f) Importer(2089858483,b0f066a214c2f5e87bad3c948f4d605d)
Start importing Assets/Environments/Enviroments_Main.png using Guid(f76be2dd026c2a74d8eefb484165be0f) Importer(2089858483,b0f066a214c2f5e87bad3c948f4d605d) (ScriptedImporter) -> (artifact id: '7aee594f14e5abf85e585456d9247c85') in 0.060198 seconds
Number of updated asset objects reloaded before import = 0Number of asset objects unloaded after import = 31

========================================================================
Received Import Request.
  Time since last request: 23.695464 seconds.
  path: Assets/Environments/Enviroments_Main.png
  artifactKey: Guid(f76be2dd026c2a74d8eefb484165be0f) Importer(815301076,1909f56bfc062723c751e8b465ee728b)
Start importing Assets/Environments/Enviroments_Main.png using Guid(f76be2dd026c2a74d8eefb484165be0f) Importer(815301076,1909f56bfc062723c751e8b465ee728b) (PreviewImporter) -> (artifact id: '24e3462ec8203587ccf935f2bd45a441') in 0.0707867 seconds
Number of updated asset objects reloaded before import = 0Number of asset objects unloaded after import = 31

========================================================================
Received Import Request.
  Time since last request: 0.880980 seconds.
  path: Assets/Environments/Enviroments_Main.png
  artifactKey: Guid(f76be2dd026c2a74d8eefb484165be0f) Importer(2089858483,b0f066a214c2f5e87bad3c948f4d605d)
Start importing Assets/Environments/Enviroments_Main.png using Guid(f76be2dd026c2a74d8eefb484165be0f) Importer(2089858483,b0f066a214c2f5e87bad3c948f4d605d) (ScriptedImporter) -> (artifact id: '5d19c74359fead03ae3106632aa697b2') in 0.0600082 seconds
Number of updated asset objects reloaded before import = 0Number of asset objects unloaded after import = 31

========================================================================
Received Import Request.
  Time since last request: 40.316123 seconds.
  path: Assets/Environments/Enviroments_Main.png
  artifactKey: Guid(f76be2dd026c2a74d8eefb484165be0f) Importer(815301076,1909f56bfc062723c751e8b465ee728b)
Start importing Assets/Environments/Enviroments_Main.png using Guid(f76be2dd026c2a74d8eefb484165be0f) Importer(815301076,1909f56bfc062723c751e8b465ee728b) (PreviewImporter) -> (artifact id: '51e374244f089c9c7c6e6a3935164f48') in 0.0746378 seconds
Number of updated asset objects reloaded before import = 0Number of asset objects unloaded after import = 31

========================================================================
Received Import Request.
  Time since last request: 0.878261 seconds.
  path: Assets/Environments/Enviroments_Main.png
  artifactKey: Guid(f76be2dd026c2a74d8eefb484165be0f) Importer(2089858483,b0f066a214c2f5e87bad3c948f4d605d)
Start importing Assets/Environments/Enviroments_Main.png using Guid(f76be2dd026c2a74d8eefb484165be0f) Importer(2089858483,b0f066a214c2f5e87bad3c948f4d605d) (ScriptedImporter) -> (artifact id: '0c5075ed77d9854cb586cb43da50dc08') in 0.0596182 seconds
Number of updated asset objects reloaded before import = 0Number of asset objects unloaded after import = 31

========================================================================
Received Import Request.
  Time since last request: 37.279648 seconds.
  path: Assets/Environments/Enviroments_Main.png
  artifactKey: Guid(f76be2dd026c2a74d8eefb484165be0f) Importer(815301076,1909f56bfc062723c751e8b465ee728b)
Start importing Assets/Environments/Enviroments_Main.png using Guid(f76be2dd026c2a74d8eefb484165be0f) Importer(815301076,1909f56bfc062723c751e8b465ee728b) (PreviewImporter) -> (artifact id: 'b77af96c7d8e7cf0103e0051917bcc37') in 0.0182858 seconds
Number of updated asset objects reloaded before import = 0Number of asset objects unloaded after import = 2

========================================================================
Received Import Request.
  Time since last request: 0.000027 seconds.
  path: Assets/Environments/New Palette.prefab
  artifactKey: Guid(1c3ca6ebefb1d114cb97b663705491b2) Importer(815301076,1909f56bfc062723c751e8b465ee728b)
Start importing Assets/Environments/New Palette.prefab using Guid(1c3ca6ebefb1d114cb97b663705491b2) Importer(815301076,1909f56bfc062723c751e8b465ee728b) (PreviewImporter) -> (artifact id: '463868d0120df4d06bbf2f52b87f99ab') in 0.3627394 seconds
Number of updated asset objects reloaded before import = 0Number of asset objects unloaded after import = 13

========================================================================
Received Import Request.
  Time since last request: 0.498663 seconds.
  path: Assets/Environments/Enviroments_Main.png
  artifactKey: Guid(f76be2dd026c2a74d8eefb484165be0f) Importer(2089858483,b0f066a214c2f5e87bad3c948f4d605d)
Start importing Assets/Environments/Enviroments_Main.png using Guid(f76be2dd026c2a74d8eefb484165be0f) Importer(2089858483,b0f066a214c2f5e87bad3c948f4d605d) (ScriptedImporter) -> (artifact id: '0e9d38c5fc6f7e76c4b9caa439e689a8') in 0.0375635 seconds
Number of updated asset objects reloaded before import = 0Number of asset objects unloaded after import = 1

========================================================================
Received Import Request.
  Time since last request: 1163.100990 seconds.
  path: Assets/Environments/New Palette 1.prefab
  artifactKey: Guid(5e9dbed65f99a134eafdca26c5baa156) Importer(815301076,1909f56bfc062723c751e8b465ee728b)
Start importing Assets/Environments/New Palette 1.prefab using Guid(5e9dbed65f99a134eafdca26c5baa156) Importer(815301076,1909f56bfc062723c751e8b465ee728b) (PreviewImporter) -> (artifact id: '59f0184ef63c27327e0433ce8f3ff29f') in 0.0280374 seconds
Number of updated asset objects reloaded before import = 0Number of asset objects unloaded after import = 10

========================================================================
Received Import Request.
  Time since last request: 0.857098 seconds.
  path: Assets/Environments/New Palette 1.prefab
  artifactKey: Guid(5e9dbed65f99a134eafdca26c5baa156) Importer(2089858483,b0f066a214c2f5e87bad3c948f4d605d)
Start importing Assets/Environments/New Palette 1.prefab using Guid(5e9dbed65f99a134eafdca26c5baa156) Importer(2089858483,b0f066a214c2f5e87bad3c948f4d605d) (ScriptedImporter) -> (artifact id: 'af4d963f2fb757c017cf3d9206f90446') in 0.0216502 seconds
Number of updated asset objects reloaded before import = 0Number of asset objects unloaded after import = 10

========================================================================
Received Import Request.
  Time since last request: 10.299459 seconds.
  path: Assets/Environments/Enviroments_Main_4.asset
  artifactKey: Guid(61528c4b9a26ee74da4dccb62f9eca0d) Importer(2089858483,b0f066a214c2f5e87bad3c948f4d605d)
Start importing Assets/Environments/Enviroments_Main_4.asset using Guid(61528c4b9a26ee74da4dccb62f9eca0d) Importer(2089858483,b0f066a214c2f5e87bad3c948f4d605d) (ScriptedImporter) -> (artifact id: '433df57ddc6d6f6a9a9e98d0b88bfa0a') in 0.0351609 seconds
Number of updated asset objects reloaded before import = 0Number of asset objects unloaded after import = 2

========================================================================
Received Import Request.
  Time since last request: 0.000040 seconds.
  path: Assets/Environments/Enviroments_Main_8.asset
  artifactKey: Guid(a88d49025308a2d45b897cad85ba3510) Importer(2089858483,b0f066a214c2f5e87bad3c948f4d605d)
Start importing Assets/Environments/Enviroments_Main_8.asset using Guid(a88d49025308a2d45b897cad85ba3510) Importer(2089858483,b0f066a214c2f5e87bad3c948f4d605d) (ScriptedImporter) -> (artifact id: '2a38f56e93c71a1b2be64a0982080ef4') in 0.0204735 seconds
Number of updated asset objects reloaded before import = 0Number of asset objects unloaded after import = 2

========================================================================
Received Import Request.
  Time since last request: 0.000050 seconds.
  path: Assets/Environments/Enviroments_Main_19.asset
  artifactKey: Guid(abc891592828c384a995f7d3c534d653) Importer(2089858483,b0f066a214c2f5e87bad3c948f4d605d)
Start importing Assets/Environments/Enviroments_Main_19.asset using Guid(abc891592828c384a995f7d3c534d653) Importer(2089858483,b0f066a214c2f5e87bad3c948f4d605d) (ScriptedImporter) -> (artifact id: '63c3f80111f1ba2a82eed91c32643280') in 0.0225509 seconds
Number of updated asset objects reloaded before import = 0Number of asset objects unloaded after import = 2

========================================================================
Received Import Request.
  Time since last request: 0.000046 seconds.
  path: Assets/Environments/Enviroments_Main_23.asset
  artifactKey: Guid(76d14c1eaa375e1408fe246541c86daa) Importer(2089858483,b0f066a214c2f5e87bad3c948f4d605d)
Start importing Assets/Environments/Enviroments_Main_23.asset using Guid(76d14c1eaa375e1408fe246541c86daa) Importer(2089858483,b0f066a214c2f5e87bad3c948f4d605d) (ScriptedImporter) -> (artifact id: '911d541b86c84e7bb40f967c71a37577') in 0.0185971 seconds
Number of updated asset objects reloaded before import = 0Number of asset objects unloaded after import = 2

========================================================================
Received Import Request.
  Time since last request: 0.000025 seconds.
  path: Assets/Environments/Enviroments_Main_11.asset
  artifactKey: Guid(64a9e59d3e7adcf499719a5c2424c720) Importer(2089858483,b0f066a214c2f5e87bad3c948f4d605d)
Start importing Assets/Environments/Enviroments_Main_11.asset using Guid(64a9e59d3e7adcf499719a5c2424c720) Importer(2089858483,b0f066a214c2f5e87bad3c948f4d605d) (ScriptedImporter) -> (artifact id: 'd777dff5d9901e5a9246f69375732f43') in 0.0184713 seconds
Number of updated asset objects reloaded before import = 0Number of asset objects unloaded after import = 2

========================================================================
Received Import Request.
  Time since last request: 0.000029 seconds.
  path: Assets/Environments/Enviroments_Main_7.asset
  artifactKey: Guid(3084726fd3ca21a478aa7783cadfd037) Importer(2089858483,b0f066a214c2f5e87bad3c948f4d605d)
Start importing Assets/Environments/Enviroments_Main_7.asset using Guid(3084726fd3ca21a478aa7783cadfd037) Importer(2089858483,b0f066a214c2f5e87bad3c948f4d605d) (ScriptedImporter) -> (artifact id: '2814fbad4e458e1b76baefe31c1948ca') in 0.0206226 seconds
Number of updated asset objects reloaded before import = 0Number of asset objects unloaded after import = 2

========================================================================
Received Import Request.
  Time since last request: 0.000024 seconds.
  path: Assets/Environments/Enviroments_Main_5.asset
  artifactKey: Guid(8b81c279be28e1a4b8d56ac7bf608fb0) Importer(2089858483,b0f066a214c2f5e87bad3c948f4d605d)
Start importing Assets/Environments/Enviroments_Main_5.asset using Guid(8b81c279be28e1a4b8d56ac7bf608fb0) Importer(2089858483,b0f066a214c2f5e87bad3c948f4d605d) (ScriptedImporter) -> (artifact id: '6850832ef7998f19f69c01c22136b6fe') in 0.0181967 seconds
Number of updated asset objects reloaded before import = 0Number of asset objects unloaded after import = 2

========================================================================
Received Import Request.
  Time since last request: 0.000029 seconds.
  path: Assets/Environments/Enviroments_Main_3.asset
  artifactKey: Guid(ed827295264489845a4e09e0d441f3df) Importer(2089858483,b0f066a214c2f5e87bad3c948f4d605d)
Start importing Assets/Environments/Enviroments_Main_3.asset using Guid(ed827295264489845a4e09e0d441f3df) Importer(2089858483,b0f066a214c2f5e87bad3c948f4d605d) (ScriptedImporter) -> (artifact id: '2f840079fa666764d30033a583d6d88f') in 0.0193575 seconds
Number of updated asset objects reloaded before import = 0Number of asset objects unloaded after import = 2

========================================================================
Received Import Request.
  Time since last request: 0.000041 seconds.
  path: Assets/Environments/Enviroments_Main_14.asset
  artifactKey: Guid(cf16576f7b679f4439f950e107881374) Importer(2089858483,b0f066a214c2f5e87bad3c948f4d605d)
Start importing Assets/Environments/Enviroments_Main_14.asset using Guid(cf16576f7b679f4439f950e107881374) Importer(2089858483,b0f066a214c2f5e87bad3c948f4d605d) (ScriptedImporter) -> (artifact id: 'd9d6e95b1df69cfc463e8a38014144e5') in 0.0201306 seconds
Number of updated asset objects reloaded before import = 0Number of asset objects unloaded after import = 2

========================================================================
Received Import Request.
  Time since last request: 0.000027 seconds.
  path: Assets/Environments/Enviroments_Main_21.asset
  artifactKey: Guid(c29840e025f41094786e636c67f36893) Importer(2089858483,b0f066a214c2f5e87bad3c948f4d605d)
Start importing Assets/Environments/Enviroments_Main_21.asset using Guid(c29840e025f41094786e636c67f36893) Importer(2089858483,b0f066a214c2f5e87bad3c948f4d605d) (ScriptedImporter) -> (artifact id: 'bba9569dff93421b53d0e8d4809e2e95') in 0.0177174 seconds
Number of updated asset objects reloaded before import = 0Number of asset objects unloaded after import = 2

========================================================================
Received Import Request.
  Time since last request: 0.000026 seconds.
  path: Assets/Environments/Enviroments_Main_26.asset
  artifactKey: Guid(e3029c4c3eb4c524e9f0e9c40a032e51) Importer(2089858483,b0f066a214c2f5e87bad3c948f4d605d)
Start importing Assets/Environments/Enviroments_Main_26.asset using Guid(e3029c4c3eb4c524e9f0e9c40a032e51) Importer(2089858483,b0f066a214c2f5e87bad3c948f4d605d) (ScriptedImporter) -> (artifact id: '5746ebeef01c694ab6d966ed1e5c9705') in 0.0186806 seconds
Number of updated asset objects reloaded before import = 0Number of asset objects unloaded after import = 2

========================================================================
Received Import Request.
  Time since last request: 0.000039 seconds.
  path: Assets/Environments/Enviroments_Main_13.asset
  artifactKey: Guid(e104845f90d315943b0e54e8edbc2696) Importer(2089858483,b0f066a214c2f5e87bad3c948f4d605d)
Start importing Assets/Environments/Enviroments_Main_13.asset using Guid(e104845f90d315943b0e54e8edbc2696) Importer(2089858483,b0f066a214c2f5e87bad3c948f4d605d) (ScriptedImporter) -> (artifact id: 'beeec3590a7ce269e08cc69cb7e2a228') in 0.0208224 seconds
Number of updated asset objects reloaded before import = 0Number of asset objects unloaded after import = 2

========================================================================
Received Import Request.
  Time since last request: 0.000038 seconds.
  path: Assets/Environments/Enviroments_Main_24.asset
  artifactKey: Guid(90d664e56405ea34e8a6fea917a3cbed) Importer(2089858483,b0f066a214c2f5e87bad3c948f4d605d)
Start importing Assets/Environments/Enviroments_Main_24.asset using Guid(90d664e56405ea34e8a6fea917a3cbed) Importer(2089858483,b0f066a214c2f5e87bad3c948f4d605d) (ScriptedImporter) -> (artifact id: 'ee820b33eb88fcf9c4a0ed9e1335bdd6') in 0.0203226 seconds
Number of updated asset objects reloaded before import = 0Number of asset objects unloaded after import = 2

========================================================================
Received Import Request.
  Time since last request: 0.000029 seconds.
  path: Assets/Environments/Enviroments_Main_28.asset
  artifactKey: Guid(fdfc96762a1bbbd4fa235ac2e1d94720) Importer(2089858483,b0f066a214c2f5e87bad3c948f4d605d)
Start importing Assets/Environments/Enviroments_Main_28.asset using Guid(fdfc96762a1bbbd4fa235ac2e1d94720) Importer(2089858483,b0f066a214c2f5e87bad3c948f4d605d) (ScriptedImporter) -> (artifact id: '5a1961f4718520b3d92c3cff657c5580') in 0.0173115 seconds
Number of updated asset objects reloaded before import = 0Number of asset objects unloaded after import = 2

========================================================================
Received Import Request.
  Time since last request: 0.000030 seconds.
  path: Assets/Environments/Enviroments_Main_1.asset
  artifactKey: Guid(67551ab4e9ad45a40bf083455ec9eca9) Importer(2089858483,b0f066a214c2f5e87bad3c948f4d605d)
Start importing Assets/Environments/Enviroments_Main_1.asset using Guid(67551ab4e9ad45a40bf083455ec9eca9) Importer(2089858483,b0f066a214c2f5e87bad3c948f4d605d) (ScriptedImporter) -> (artifact id: '2ada272d9f8820e59108ba247a37faa9') in 0.019842 seconds
Number of updated asset objects reloaded before import = 0Number of asset objects unloaded after import = 2

========================================================================
Received Import Request.
  Time since last request: 0.000030 seconds.
  path: Assets/Environments/Enviroments_Main_27.asset
  artifactKey: Guid(c5ba1755abf5ea542bf1b2a539e8fc97) Importer(2089858483,b0f066a214c2f5e87bad3c948f4d605d)
Start importing Assets/Environments/Enviroments_Main_27.asset using Guid(c5ba1755abf5ea542bf1b2a539e8fc97) Importer(2089858483,b0f066a214c2f5e87bad3c948f4d605d) (ScriptedImporter) -> (artifact id: '3402a4b350bf313ea66f88ebe70a8de2') in 0.0187651 seconds
Number of updated asset objects reloaded before import = 0Number of asset objects unloaded after import = 2

========================================================================
Received Import Request.
  Time since last request: 42.116208 seconds.
  path: Assets/Environments/Enviroments_Main_1.asset
  artifactKey: Guid(67551ab4e9ad45a40bf083455ec9eca9) Importer(815301076,1909f56bfc062723c751e8b465ee728b)
Start importing Assets/Environments/Enviroments_Main_1.asset using Guid(67551ab4e9ad45a40bf083455ec9eca9) Importer(815301076,1909f56bfc062723c751e8b465ee728b) (PreviewImporter) -> (artifact id: 'c18b6d6fe02aa61a8429db31a52b4aff') in 0.0793492 seconds
Number of updated asset objects reloaded before import = 0Number of asset objects unloaded after import = 3

========================================================================
Received Import Request.
  Time since last request: 0.000045 seconds.
  path: Assets/Environments/Enviroments_Main_14.asset
  artifactKey: Guid(cf16576f7b679f4439f950e107881374) Importer(815301076,1909f56bfc062723c751e8b465ee728b)
Start importing Assets/Environments/Enviroments_Main_14.asset using Guid(cf16576f7b679f4439f950e107881374) Importer(815301076,1909f56bfc062723c751e8b465ee728b) (PreviewImporter) -> (artifact id: '3369c00f8c2fb7e35df79074bd1e8fd0') in 0.0200592 seconds
Number of updated asset objects reloaded before import = 0Number of asset objects unloaded after import = 3

========================================================================
Received Import Request.
  Time since last request: 0.000053 seconds.
  path: Assets/Environments/Enviroments_Main_18.asset
  artifactKey: Guid(1633ab23a19dbd643940e96843a4869f) Importer(815301076,1909f56bfc062723c751e8b465ee728b)
Start importing Assets/Environments/Enviroments_Main_18.asset using Guid(1633ab23a19dbd643940e96843a4869f) Importer(815301076,1909f56bfc062723c751e8b465ee728b) (PreviewImporter) -> (artifact id: 'ee22cf6bd64590f6a9f03ffb5f9c193d') in 0.0189894 seconds
Number of updated asset objects reloaded before import = 0Number of asset objects unloaded after import = 3

========================================================================
Received Import Request.
  Time since last request: 0.000028 seconds.
  path: Assets/Environments/Enviroments_Main_9.asset
  artifactKey: Guid(93a0e551c10e32749b286ffd22aa724e) Importer(815301076,1909f56bfc062723c751e8b465ee728b)
Start importing Assets/Environments/Enviroments_Main_9.asset using Guid(93a0e551c10e32749b286ffd22aa724e) Importer(815301076,1909f56bfc062723c751e8b465ee728b) (PreviewImporter) -> (artifact id: '3f3fd16e7c4dd4f458b67dd9d3514aca') in 0.0183152 seconds
Number of updated asset objects reloaded before import = 0Number of asset objects unloaded after import = 3

========================================================================
Received Import Request.
  Time since last request: 0.000031 seconds.
  path: Assets/Environments/Enviroments_Main_19.asset
  artifactKey: Guid(abc891592828c384a995f7d3c534d653) Importer(815301076,1909f56bfc062723c751e8b465ee728b)
Start importing Assets/Environments/Enviroments_Main_19.asset using Guid(abc891592828c384a995f7d3c534d653) Importer(815301076,1909f56bfc062723c751e8b465ee728b) (PreviewImporter) -> (artifact id: 'c0bd34642cf369a96bad8cdc18a2c6b9') in 0.0213216 seconds
Number of updated asset objects reloaded before import = 0Number of asset objects unloaded after import = 3

========================================================================
Received Import Request.
  Time since last request: 0.000038 seconds.
  path: Assets/Environments/New Palette 1.prefab
  artifactKey: Guid(5e9dbed65f99a134eafdca26c5baa156) Importer(815301076,1909f56bfc062723c751e8b465ee728b)
Start importing Assets/Environments/New Palette 1.prefab using Guid(5e9dbed65f99a134eafdca26c5baa156) Importer(815301076,1909f56bfc062723c751e8b465ee728b) (PreviewImporter) -> (artifact id: '96e637286cdc3af047be3c15fb8da4fb') in 0.0442648 seconds
Number of updated asset objects reloaded before import = 0Number of asset objects unloaded after import = 69

========================================================================
Received Import Request.
  Time since last request: 0.000048 seconds.
  path: Assets/Environments/Enviroments_Main_22.asset
  artifactKey: Guid(ef4453e7bc1b06947986b7b6b004aa98) Importer(815301076,1909f56bfc062723c751e8b465ee728b)
Start importing Assets/Environments/Enviroments_Main_22.asset using Guid(ef4453e7bc1b06947986b7b6b004aa98) Importer(815301076,1909f56bfc062723c751e8b465ee728b) (PreviewImporter) -> (artifact id: '720eceedb9331dd493c72af561ba6e11') in 0.0173004 seconds
Number of updated asset objects reloaded before import = 0Number of asset objects unloaded after import = 3

========================================================================
Received Import Request.
  Time since last request: 0.000036 seconds.
  path: Assets/Environments/Enviroments_Main_26.asset
  artifactKey: Guid(e3029c4c3eb4c524e9f0e9c40a032e51) Importer(815301076,1909f56bfc062723c751e8b465ee728b)
Start importing Assets/Environments/Enviroments_Main_26.asset using Guid(e3029c4c3eb4c524e9f0e9c40a032e51) Importer(815301076,1909f56bfc062723c751e8b465ee728b) (PreviewImporter) -> (artifact id: 'b4cb35887db86263dbcec2cf4b52db5d') in 0.0193653 seconds
Number of updated asset objects reloaded before import = 0Number of asset objects unloaded after import = 3

========================================================================
Received Import Request.
  Time since last request: 289.414495 seconds.
  path: Assets/Environments/Enviroments_Main_2.asset
  artifactKey: Guid(c6ad1246e4a4ef94d94736ca06d4100f) Importer(815301076,1909f56bfc062723c751e8b465ee728b)
Start importing Assets/Environments/Enviroments_Main_2.asset using Guid(c6ad1246e4a4ef94d94736ca06d4100f) Importer(815301076,1909f56bfc062723c751e8b465ee728b) (PreviewImporter) -> (artifact id: '122e9d8f144c76fc3cf73f4f9e9017c3') in 0.0089048 seconds
Number of updated asset objects reloaded before import = 0Number of asset objects unloaded after import = 3

========================================================================
Received Import Request.
  Time since last request: 0.000031 seconds.
  path: Assets/Environments/Enviroments_Main_5.asset
  artifactKey: Guid(8b81c279be28e1a4b8d56ac7bf608fb0) Importer(815301076,1909f56bfc062723c751e8b465ee728b)
Start importing Assets/Environments/Enviroments_Main_5.asset using Guid(8b81c279be28e1a4b8d56ac7bf608fb0) Importer(815301076,1909f56bfc062723c751e8b465ee728b) (PreviewImporter) -> (artifact id: 'e848eb8a27c96108da7a2f63e1a75d9d') in 0.0066704 seconds
Number of updated asset objects reloaded before import = 0Number of asset objects unloaded after import = 3

========================================================================
Received Import Request.
  Time since last request: 0.000031 seconds.
  path: Assets/Environments/Enviroments_Main_14.asset
  artifactKey: Guid(cf16576f7b679f4439f950e107881374) Importer(815301076,1909f56bfc062723c751e8b465ee728b)
Start importing Assets/Environments/Enviroments_Main_14.asset using Guid(cf16576f7b679f4439f950e107881374) Importer(815301076,1909f56bfc062723c751e8b465ee728b) (PreviewImporter) -> (artifact id: '6c3b166550124d46c1c4e1b985270809') in 0.0093738 seconds
Number of updated asset objects reloaded before import = 0Number of asset objects unloaded after import = 3

========================================================================
Received Import Request.
  Time since last request: 0.000029 seconds.
  path: Assets/Environments/Enviroments_Main_16.asset
  artifactKey: Guid(e63d779bcd277c441b494428b638cb44) Importer(815301076,1909f56bfc062723c751e8b465ee728b)
Start importing Assets/Environments/Enviroments_Main_16.asset using Guid(e63d779bcd277c441b494428b638cb44) Importer(815301076,1909f56bfc062723c751e8b465ee728b) (PreviewImporter) -> (artifact id: 'fd029dca5e0319a4081f034b45e11110') in 0.006574 seconds
Number of updated asset objects reloaded before import = 0Number of asset objects unloaded after import = 3

========================================================================
Received Import Request.
  Time since last request: 0.000036 seconds.
  path: Assets/Environments/Enviroments_Main_23.asset
  artifactKey: Guid(76d14c1eaa375e1408fe246541c86daa) Importer(815301076,1909f56bfc062723c751e8b465ee728b)
Start importing Assets/Environments/Enviroments_Main_23.asset using Guid(76d14c1eaa375e1408fe246541c86daa) Importer(815301076,1909f56bfc062723c751e8b465ee728b) (PreviewImporter) -> (artifact id: 'f098d6b75b31f4626298a016b5fc2141') in 0.0065691 seconds
Number of updated asset objects reloaded before import = 0Number of asset objects unloaded after import = 3

========================================================================
Received Import Request.
  Time since last request: 0.000026 seconds.
  path: Assets/Environments/Enviroments_Main_17.asset
  artifactKey: Guid(abdfd2af8763dfc49a8cffcb04e99ee5) Importer(815301076,1909f56bfc062723c751e8b465ee728b)
Start importing Assets/Environments/Enviroments_Main_17.asset using Guid(abdfd2af8763dfc49a8cffcb04e99ee5) Importer(815301076,1909f56bfc062723c751e8b465ee728b) (PreviewImporter) -> (artifact id: 'f14ee537232e7dcdc6d5658c760f785d') in 0.0074947 seconds
Number of updated asset objects reloaded before import = 0Number of asset objects unloaded after import = 3

========================================================================
Received Import Request.
  Time since last request: 0.000023 seconds.
  path: Assets/Environments/Enviroments_Main_19.asset
  artifactKey: Guid(abc891592828c384a995f7d3c534d653) Importer(815301076,1909f56bfc062723c751e8b465ee728b)
Start importing Assets/Environments/Enviroments_Main_19.asset using Guid(abc891592828c384a995f7d3c534d653) Importer(815301076,1909f56bfc062723c751e8b465ee728b) (PreviewImporter) -> (artifact id: 'abb8da8623621f7295bea56deacea362') in 0.0080497 seconds
Number of updated asset objects reloaded before import = 0Number of asset objects unloaded after import = 3

========================================================================
Received Import Request.
  Time since last request: 0.000034 seconds.
  path: Assets/Environments/Enviroments_Main_25.asset
  artifactKey: Guid(19df41a63509ade46a805385259abf52) Importer(815301076,1909f56bfc062723c751e8b465ee728b)
Start importing Assets/Environments/Enviroments_Main_25.asset using Guid(19df41a63509ade46a805385259abf52) Importer(815301076,1909f56bfc062723c751e8b465ee728b) (PreviewImporter) -> (artifact id: '3e5ef1e910d5f370df7aad1f546f17d5') in 0.0071803 seconds
Number of updated asset objects reloaded before import = 0Number of asset objects unloaded after import = 3

========================================================================
Received Import Request.
  Time since last request: 0.000030 seconds.
  path: Assets/Environments/Enviroments_Main_10.asset
  artifactKey: Guid(ff9b5ef6c6fed1a4bbea94fb70cd7c43) Importer(815301076,1909f56bfc062723c751e8b465ee728b)
Start importing Assets/Environments/Enviroments_Main_10.asset using Guid(ff9b5ef6c6fed1a4bbea94fb70cd7c43) Importer(815301076,1909f56bfc062723c751e8b465ee728b) (PreviewImporter) -> (artifact id: '7041334060fb4baf837df61978bcff8c') in 0.0065213 seconds
Number of updated asset objects reloaded before import = 0Number of asset objects unloaded after import = 3

========================================================================
Received Import Request.
  Time since last request: 0.000050 seconds.
  path: Assets/Environments/Enviroments_Main_24.asset
  artifactKey: Guid(90d664e56405ea34e8a6fea917a3cbed) Importer(815301076,1909f56bfc062723c751e8b465ee728b)
Start importing Assets/Environments/Enviroments_Main_24.asset using Guid(90d664e56405ea34e8a6fea917a3cbed) Importer(815301076,1909f56bfc062723c751e8b465ee728b) (PreviewImporter) -> (artifact id: 'caec64aec18aa436357c8b38d9e445dd') in 0.0079797 seconds
Number of updated asset objects reloaded before import = 0Number of asset objects unloaded after import = 3

========================================================================
Received Import Request.
  Time since last request: 0.000027 seconds.
  path: Assets/Environments/Enviroments_Main_15.asset
  artifactKey: Guid(84431e5c9d18346408658a51123a9e58) Importer(815301076,1909f56bfc062723c751e8b465ee728b)
Start importing Assets/Environments/Enviroments_Main_15.asset using Guid(84431e5c9d18346408658a51123a9e58) Importer(815301076,1909f56bfc062723c751e8b465ee728b) (PreviewImporter) -> (artifact id: 'dd6f91c29a5ad9e8ba33aa93e4e956ac') in 0.0073914 seconds
Number of updated asset objects reloaded before import = 0Number of asset objects unloaded after import = 3

========================================================================
Received Import Request.
  Time since last request: 0.000026 seconds.
  path: Assets/Environments/Enviroments_Main_12.asset
  artifactKey: Guid(0b56bf0e3619c7f4e85fa63178cf27c6) Importer(815301076,1909f56bfc062723c751e8b465ee728b)
Start importing Assets/Environments/Enviroments_Main_12.asset using Guid(0b56bf0e3619c7f4e85fa63178cf27c6) Importer(815301076,1909f56bfc062723c751e8b465ee728b) (PreviewImporter) -> (artifact id: '8ca583ac9da1d4a4b76cb47047e564ac') in 0.0062384 seconds
Number of updated asset objects reloaded before import = 0Number of asset objects unloaded after import = 3

========================================================================
Received Import Request.
  Time since last request: 0.000030 seconds.
  path: Assets/Environments/Enviroments_Main_6.asset
  artifactKey: Guid(b20bc887b932fb345ae22762281700fd) Importer(815301076,1909f56bfc062723c751e8b465ee728b)
Start importing Assets/Environments/Enviroments_Main_6.asset using Guid(b20bc887b932fb345ae22762281700fd) Importer(815301076,1909f56bfc062723c751e8b465ee728b) (PreviewImporter) -> (artifact id: 'f982febe204c5d358d68252709d682d4') in 0.0080473 seconds
Number of updated asset objects reloaded before import = 0Number of asset objects unloaded after import = 3

========================================================================
Received Import Request.
  Time since last request: 0.000038 seconds.
  path: Assets/Environments/Enviroments_Main_21.asset
  artifactKey: Guid(c29840e025f41094786e636c67f36893) Importer(815301076,1909f56bfc062723c751e8b465ee728b)
Start importing Assets/Environments/Enviroments_Main_21.asset using Guid(c29840e025f41094786e636c67f36893) Importer(815301076,1909f56bfc062723c751e8b465ee728b) (PreviewImporter) -> (artifact id: '40145369e3f302a0a08b5b2e7e0caf23') in 0.0092812 seconds
Number of updated asset objects reloaded before import = 0Number of asset objects unloaded after import = 3

Editor requested this worker to shutdown with reason: Scaling down because of idle timeout
AssetImportWorker is now disconnected from the server
Process exiting
Exiting without the bug reporter. Application will terminate with return code 0