[Licensing::Module] Trying to connect to existing licensing client channel...
Built from '6000.3/staging' branch; Version is '6000.3.5f1 (a1ec4b2f2d19) revision 10611787'; Using compiler version '194234433'; Build Type 'Release'
OS: 'Windows 11  (10.0.26200) Professional' Language: 'ru' Physical Memory: 16084 MB
BatchMode: 1, IsHumanControllingUs: 0, StartBugReporterOnCrash: 0, Is64bit: 1
System  architecture: x64
Process architecture: x64
[Licensing::IpcConnector] Successfully connected to: "LicenseClient-Артем" at "2026-05-02T12:07:37.3545227Z"
Date: 2026-05-02T12:07:37Z

COMMAND LINE ARGUMENTS:
C:\Program Files\Unity\Hub\Editor\6000.3.5f1\Editor\Unity.exe
-adb2
-batchMode
-noUpm
-name
AssetImportWorker4
-projectPath
C:/Users/Артем/my2dgame/Temp/2dgame/Temp/TarGZ/OinkJam2
-logFile
Logs/AssetImportWorker4.log
-srvPort
50887
-licensingIpc
LicenseClient-Артем
-job-worker-count
7
-background-job-worker-count
8
-gc-helper-count
1
-name
AssetImport
Successfully changed project path to: C:/Users/Артем/my2dgame/Temp/2dgame/Temp/TarGZ/OinkJam2
C:/Users/Артем/my2dgame/Temp/2dgame/Temp/TarGZ/OinkJam2
[UnityMemory] Configuration Parameters - Can be set up in boot.config
    "memorysetup-temp-allocator-size-nav-mesh-worker=65536"
    "memorysetup-temp-allocator-size-audio-worker=65536"
    "memorysetup-temp-allocator-size-gfx=262144"
    "memorysetup-allocator-temp-initial-block-size-main=262144"
    "memorysetup-allocator-temp-initial-block-size-worker=262144"
    "memorysetup-temp-allocator-size-background-worker=32768"
    "memorysetup-temp-allocator-size-job-worker=262144"
    "memorysetup-temp-allocator-size-preload-manager=33554432"
    "memorysetup-temp-allocator-size-gi-baking-worker=262144"
    "memorysetup-temp-allocator-size-gi-baking-worker=262144"
    "memorysetup-temp-allocator-size-gi-baking-worker=262144"
    "memorysetup-temp-allocator-size-gi-baking-worker=262144"
    "memorysetup-temp-allocator-size-gi-baking-worker=262144"
    "memorysetup-bucket-allocator-granularity=16"
    "memorysetup-bucket-allocator-bucket-count=8"
    "memorysetup-bucket-allocator-block-size=33554432"
    "memorysetup-bucket-allocator-block-count=8"
    "memorysetup-main-allocator-block-size=16777216"
    "memorysetup-thread-allocator-block-size=16777216"
    "memorysetup-gfx-main-allocator-block-size=16777216"
    "memorysetup-gfx-thread-allocator-block-size=16777216"
    "memorysetup-cache-allocator-block-size=4194304"
    "memorysetup-typetree-allocator-block-size=2097152"
    "memorysetup-profiler-bucket-allocator-granularity=16"
    "memorysetup-profiler-bucket-allocator-bucket-count=8"
    "memorysetup-profiler-bucket-allocator-block-size=33554432"
    "memorysetup-profiler-bucket-allocator-block-count=8"
    "memorysetup-profiler-allocator-block-size=16777216"
    "memorysetup-profiler-editor-allocator-block-size=1048576"
    "memorysetup-temp-allocator-size-main=16777216"
    "memorysetup-job-temp-allocator-block-size=2097152"
    "memorysetup-job-temp-allocator-block-size-background=1048576"
    "memorysetup-job-temp-allocator-reduction-small-platforms=262144"
    "memorysetup-temp-allocator-size-cloud-worker=32768"
Player connection [26368]  Target information:

Player connection [26368]  * "[IP] 192.168.0.18 [Port] 0 [Flags] 2 [Guid] 4136575902 [EditorId] 4136575902 [Version] 1048832 [Id] WindowsEditor(7,DESKTOP-JR0QLJT) [Debug] 1 [PackageName] WindowsEditor [ProjectName] Editor" 

Player connection [26368] Host joined multi-casting on [225.0.0.222:54997]...
Player connection [26368] Host joined alternative multi-casting on [225.0.0.222:34997]...
JobSystem: Creating JobQueue using job-worker-count value 7
Input System module state changed to: Initialized.
[Physics::Module] Initialized fallback backend.
[Physics::Module] Id: 0xdecafbad
Library Redirect Path: Library/
[Physics::Module] Selected backend.
[Physics::Module] Name: PhysX
[Physics::Module] Id: 0xf2b8ea05
[Physics::Module] SDK Version: 4.1.2
[Physics::Module] Integration Version: 1.0.0
[Physics::Module] Threading Mode: Multi-Threaded
Refreshing native plugins compatible for Editor in 5.34 ms, found 4 plugins.
Preloading 0 native plugins for Editor in 0.00 ms.
Initialize engine version: 6000.3.5f1 (a1ec4b2f2d19)
[Subsystems] Discovering subsystems at path C:/Program Files/Unity/Hub/Editor/6000.3.5f1/Editor/Data/Resources/UnitySubsystems
[Subsystems] Discovering subsystems at path C:/Users/Артем/my2dgame/Temp/2dgame/Temp/TarGZ/OinkJam2/Assets
GfxDevice: creating device client; kGfxThreadingModeNonThreaded
Direct3D:
    Version:  Direct3D 11.0 [level 11.1]
    Renderer: NVIDIA GeForce RTX 3050 Laptop GPU (ID=0x25a2)
    Vendor:   NVIDIA
    VRAM:     3965 MB
    Driver:   32.0.15.9174
Initialize mono
Mono path[0] = 'C:/Program Files/Unity/Hub/Editor/6000.3.5f1/Editor/Data/Managed'
Mono path[1] = 'C:/Program Files/Unity/Hub/Editor/6000.3.5f1/Editor/Data/MonoBleedingEdge/lib/mono/unityjit-win32'
Mono config path = 'C:/Program Files/Unity/Hub/Editor/6000.3.5f1/Editor/Data/MonoBleedingEdge/etc'
Using monoOptions --debugger-agent=transport=dt_socket,embedding=1,server=y,suspend=n,address=127.0.0.1:56376
Begin MonoManager ReloadAssembly
Registering precompiled unity dll's ...
Register platform support module: C:/Program Files/Unity/Hub/Editor/6000.3.5f1/Editor/Data/PlaybackEngines/WebGLSupport/UnityEditor.WebGL.Extensions.dll
Register platform support module: C:/Program Files/Unity/Hub/Editor/6000.3.5f1/Editor/Data/PlaybackEngines/WindowsStandaloneSupport/UnityEditor.WindowsStandalone.Extensions.dll
Registered in 0.003370 seconds.
[Licensing::Client] Handshaking with LicensingClient:
  Version:                 1.17.4+4293ba1
  Session Id:              a2266cbb88954e62ab3d992808a8efb7
  Correlation Id:          52dc926c7de68f696a32230c19edc8f6
  External correlation Id: 5215596908299064104
  Machine Id:              I2Y9b94ppyLyV8HiTF3ycXiV11g=
[Licensing::Module] Successfully connected to LicensingClient on channel: "LicenseClient-Артем" (connect: 0.00s, validation: 0.00s, handshake: 1.29s)
[Licensing::IpcConnector] Successfully connected to: "LicenseClient-Артем-notifications" at "2026-05-02T12:07:38.646541Z"
[Licensing::Module] Licensing Background thread has ended after 1.29s
- Loaded All Assemblies, in  0.469 seconds
Native extension for WindowsStandalone target not found
Native extension for WebGL target not found
ScheduleIndexationOnStartup MainProcess:False IndexOnStartup:True
Mono: successfully reloaded assembly
- Finished resetting the current domain, in  0.445 seconds
Domain Reload Profiling: 911ms
	BeginReloadAssembly (167ms)
		ExecutionOrderSort (0ms)
		DisableScriptedObjects (0ms)
		BackupInstance (0ms)
		ReleaseScriptingObjects (0ms)
		CreateAndSetChildDomain (1ms)
	RebuildCommonClasses (45ms)
	RebuildNativeTypeToScriptingClass (14ms)
	initialDomainReloadingComplete (63ms)
	LoadAllAssembliesAndSetupDomain (176ms)
		LoadAssemblies (163ms)
		RebuildTransferFunctionScriptingTraits (0ms)
		AnalyzeDomain (172ms)
			TypeCache.Refresh (170ms)
				TypeCache.ScanAssembly (158ms)
			BuildScriptInfoCaches (0ms)
			ResolveRequiredComponents (0ms)
	FinalizeReload (445ms)
		ReleaseScriptCaches (0ms)
		RebuildScriptCaches (0ms)
		SetupLoadedEditorAssemblies (402ms)
			LogAssemblyErrors (0ms)
			InitializePlatformSupportModulesInManaged (50ms)
			SetLoadedEditorAssemblies (5ms)
			BeforeProcessingInitializeOnLoad (110ms)
			ProcessInitializeOnLoadAttributes (162ms)
			ProcessInitializeOnLoadMethodAttributes (74ms)
			AfterProcessingInitializeOnLoad (0ms)
			EditorAssembliesLoaded (0ms)
		ExecutionOrderSort2 (0ms)
		AwakeInstancesAfterBackupRestoration (0ms)
========================================================================
Worker process is ready to serve import requests
Import Worker Mode flag is 0x00
Begin MonoManager ReloadAssembly
[Licensing::Client] Successfully resolved entitlement details
[Licensing::Module] License group:
  Id: 10171103463798-UnityPersXXXX
  Product: Unity Personal
  Type: Assigned
  Expiration: Unlimited
- Loaded All Assemblies, in  0.915 seconds
Refreshing native plugins compatible for Editor in 1.88 ms, found 4 plugins.
Native extension for WindowsStandalone target not found
Native extension for WebGL target not found
Package Manager log level set to [2]
[Package Manager] Failed to launch server process. Reason: Unity was launched with the -noUpm command-line argument
[Package Manager] Unable to send message (not connected to server process).
[Package Manager] Cannot connect to Unity Package Manager local server
ScheduleIndexationOnStartup MainProcess:False IndexOnStartup:True
Mono: successfully reloaded assembly
- Finished resetting the current domain, in  1.053 seconds
Domain Reload Profiling: 1962ms
	BeginReloadAssembly (198ms)
		ExecutionOrderSort (0ms)
		DisableScriptedObjects (6ms)
		BackupInstance (0ms)
		ReleaseScriptingObjects (0ms)
		CreateAndSetChildDomain (37ms)
	RebuildCommonClasses (38ms)
	RebuildNativeTypeToScriptingClass (12ms)
	initialDomainReloadingComplete (42ms)
	LoadAllAssembliesAndSetupDomain (618ms)
		LoadAssemblies (447ms)
		RebuildTransferFunctionScriptingTraits (0ms)
		AnalyzeDomain (281ms)
			TypeCache.Refresh (188ms)
				TypeCache.ScanAssembly (172ms)
			BuildScriptInfoCaches (79ms)
			ResolveRequiredComponents (10ms)
	FinalizeReload (1053ms)
		ReleaseScriptCaches (0ms)
		RebuildScriptCaches (0ms)
		SetupLoadedEditorAssemblies (925ms)
			LogAssemblyErrors (0ms)
			InitializePlatformSupportModulesInManaged (2ms)
			SetLoadedEditorAssemblies (4ms)
			BeforeProcessingInitializeOnLoad (241ms)
			ProcessInitializeOnLoadAttributes (547ms)
			ProcessInitializeOnLoadMethodAttributes (125ms)
			AfterProcessingInitializeOnLoad (6ms)
			EditorAssembliesLoaded (0ms)
		ExecutionOrderSort2 (0ms)
		AwakeInstancesAfterBackupRestoration (7ms)
Launched and connected shader compiler UnityShaderCompiler.exe after 0.01 seconds
Refreshing native plugins compatible for Editor in 4.80 ms, found 4 plugins.
Preloading 0 native plugins for Editor in 0.00 ms.
Unloading 16 Unused Serialized files (Serialized files now loaded: 0)
Unloading 6910 unused Assets / (5.1 MB). Loaded Objects now: 7727.
Memory consumption went from 156.4 MB to 151.4 MB.
Total: 16.977500 ms (FindLiveObjects: 0.856800 ms CreateObjectMapping: 1.106700 ms MarkObjects: 10.939100 ms  DeleteObjects: 4.073300 ms)

========================================================================
Received Import Request.
  Time since last request: 15067.492111 seconds.
  path: Assets/Environments/Enviroments_Main_0.asset
  artifactKey: Guid(580005ced6a91b442a1fb6cc914f60d7) Importer(815301076,1909f56bfc062723c751e8b465ee728b)
Start importing Assets/Environments/Enviroments_Main_0.asset using Guid(580005ced6a91b442a1fb6cc914f60d7) Importer(815301076,1909f56bfc062723c751e8b465ee728b) (PreviewImporter) -> (artifact id: '003cd411f32d8f42b128c02c564af63e') in 0.1976462 seconds
Number of updated asset objects reloaded before import = 0Number of asset objects unloaded after import = 3

========================================================================
Received Import Request.
  Time since last request: 0.000032 seconds.
  path: Assets/Environments/Enviroments_Main_16.asset
  artifactKey: Guid(e63d779bcd277c441b494428b638cb44) Importer(815301076,1909f56bfc062723c751e8b465ee728b)
Start importing Assets/Environments/Enviroments_Main_16.asset using Guid(e63d779bcd277c441b494428b638cb44) Importer(815301076,1909f56bfc062723c751e8b465ee728b) (PreviewImporter) -> (artifact id: 'c31c8fd5421634fa5c1972308a19d525') in 0.0191025 seconds
Number of updated asset objects reloaded before import = 0Number of asset objects unloaded after import = 3

========================================================================
Received Import Request.
  Time since last request: 0.000044 seconds.
  path: Assets/Environments/Enviroments_Main_23.asset
  artifactKey: Guid(76d14c1eaa375e1408fe246541c86daa) Importer(815301076,1909f56bfc062723c751e8b465ee728b)
Start importing Assets/Environments/Enviroments_Main_23.asset using Guid(76d14c1eaa375e1408fe246541c86daa) Importer(815301076,1909f56bfc062723c751e8b465ee728b) (PreviewImporter) -> (artifact id: '4ed2bf716e93e7d983214c17d146dcac') in 0.0193189 seconds
Number of updated asset objects reloaded before import = 0Number of asset objects unloaded after import = 3

========================================================================
Received Import Request.
  Time since last request: 0.000026 seconds.
  path: Assets/Environments/Enviroments_Main_25.asset
  artifactKey: Guid(19df41a63509ade46a805385259abf52) Importer(815301076,1909f56bfc062723c751e8b465ee728b)
Start importing Assets/Environments/Enviroments_Main_25.asset using Guid(19df41a63509ade46a805385259abf52) Importer(815301076,1909f56bfc062723c751e8b465ee728b) (PreviewImporter) -> (artifact id: '40e9f71b6e37912d16611763eb757d60') in 0.0206553 seconds
Number of updated asset objects reloaded before import = 0Number of asset objects unloaded after import = 3

========================================================================
Received Import Request.
  Time since last request: 0.000018 seconds.
  path: Assets/Environments/Enviroments_Main_24.asset
  artifactKey: Guid(90d664e56405ea34e8a6fea917a3cbed) Importer(815301076,1909f56bfc062723c751e8b465ee728b)
Start importing Assets/Environments/Enviroments_Main_24.asset using Guid(90d664e56405ea34e8a6fea917a3cbed) Importer(815301076,1909f56bfc062723c751e8b465ee728b) (PreviewImporter) -> (artifact id: '99ab9614e997ca235811d6239a9ac008') in 0.019947 seconds
Number of updated asset objects reloaded before import = 0Number of asset objects unloaded after import = 3

========================================================================
Received Import Request.
  Time since last request: 0.000028 seconds.
  path: Assets/Environments/Enviroments_Main_12.asset
  artifactKey: Guid(0b56bf0e3619c7f4e85fa63178cf27c6) Importer(815301076,1909f56bfc062723c751e8b465ee728b)
Start importing Assets/Environments/Enviroments_Main_12.asset using Guid(0b56bf0e3619c7f4e85fa63178cf27c6) Importer(815301076,1909f56bfc062723c751e8b465ee728b) (PreviewImporter) -> (artifact id: 'b4380d4ffe395f5790ea1329de417086') in 0.0189803 seconds
Number of updated asset objects reloaded before import = 0Number of asset objects unloaded after import = 3

========================================================================
Received Import Request.
  Time since last request: 0.000039 seconds.
  path: Assets/Environments/Enviroments_Main_6.asset
  artifactKey: Guid(b20bc887b932fb345ae22762281700fd) Importer(815301076,1909f56bfc062723c751e8b465ee728b)
Start importing Assets/Environments/Enviroments_Main_6.asset using Guid(b20bc887b932fb345ae22762281700fd) Importer(815301076,1909f56bfc062723c751e8b465ee728b) (PreviewImporter) -> (artifact id: '0f95cf3824671810761a218000584cb0') in 0.0207297 seconds
Number of updated asset objects reloaded before import = 0Number of asset objects unloaded after import = 3

========================================================================
Received Import Request.
  Time since last request: 40.618811 seconds.
  path: Assets/Environments/New Palette 1.prefab
  artifactKey: Guid(5e9dbed65f99a134eafdca26c5baa156) Importer(815301076,1909f56bfc062723c751e8b465ee728b)
Start importing Assets/Environments/New Palette 1.prefab using Guid(5e9dbed65f99a134eafdca26c5baa156) Importer(815301076,1909f56bfc062723c751e8b465ee728b) (PreviewImporter) -> (artifact id: '23bcfac60b2b8b30b3202a5ab595094b') in 0.32987 seconds
Number of updated asset objects reloaded before import = 0Number of asset objects unloaded after import = 69

========================================================================
Received Import Request.
  Time since last request: 0.609387 seconds.
  path: Assets/Environments/New Palette 1.prefab
  artifactKey: Guid(5e9dbed65f99a134eafdca26c5baa156) Importer(2089858483,b0f066a214c2f5e87bad3c948f4d605d)
Start importing Assets/Environments/New Palette 1.prefab using Guid(5e9dbed65f99a134eafdca26c5baa156) Importer(2089858483,b0f066a214c2f5e87bad3c948f4d605d) (ScriptedImporter) -> (artifact id: '470111d6896b9df2caca1433215927d2') in 0.1036476 seconds
Number of updated asset objects reloaded before import = 0Number of asset objects unloaded after import = 10

========================================================================
Received Import Request.
  Time since last request: 36.711132 seconds.
  path: Assets/Environments/New Palette 1.prefab
  artifactKey: Guid(5e9dbed65f99a134eafdca26c5baa156) Importer(815301076,1909f56bfc062723c751e8b465ee728b)
Start importing Assets/Environments/New Palette 1.prefab using Guid(5e9dbed65f99a134eafdca26c5baa156) Importer(815301076,1909f56bfc062723c751e8b465ee728b) (PreviewImporter) -> (artifact id: '6522697901e960fa406a9450427c550c') in 0.0305061 seconds
Number of updated asset objects reloaded before import = 0Number of asset objects unloaded after import = 69

========================================================================
Received Import Request.
  Time since last request: 0.955556 seconds.
  path: Assets/Environments/New Palette 1.prefab
  artifactKey: Guid(5e9dbed65f99a134eafdca26c5baa156) Importer(815301076,1909f56bfc062723c751e8b465ee728b)
Start importing Assets/Environments/New Palette 1.prefab using Guid(5e9dbed65f99a134eafdca26c5baa156) Importer(815301076,1909f56bfc062723c751e8b465ee728b) (PreviewImporter) -> (artifact id: '56430fbb23d37a98f122f8b18fad838e') in 0.021657 seconds
Number of updated asset objects reloaded before import = 0Number of asset objects unloaded after import = 69

========================================================================
Received Import Request.
  Time since last request: 0.907009 seconds.
  path: Assets/Environments/New Palette 1.prefab
  artifactKey: Guid(5e9dbed65f99a134eafdca26c5baa156) Importer(2089858483,b0f066a214c2f5e87bad3c948f4d605d)
Start importing Assets/Environments/New Palette 1.prefab using Guid(5e9dbed65f99a134eafdca26c5baa156) Importer(2089858483,b0f066a214c2f5e87bad3c948f4d605d) (ScriptedImporter) -> (artifact id: '6e15e7734b1f9569dc38556ea4830704') in 0.0271123 seconds
Number of updated asset objects reloaded before import = 0Number of asset objects unloaded after import = 10

========================================================================
Received Import Request.
  Time since last request: 10.087180 seconds.
  path: Assets/Environments/New Palette 1.prefab
  artifactKey: Guid(5e9dbed65f99a134eafdca26c5baa156) Importer(815301076,1909f56bfc062723c751e8b465ee728b)
Start importing Assets/Environments/New Palette 1.prefab using Guid(5e9dbed65f99a134eafdca26c5baa156) Importer(815301076,1909f56bfc062723c751e8b465ee728b) (PreviewImporter) -> (artifact id: '5a4813c1a317130f4cfd9c94ea88707c') in 0.0299846 seconds
Number of updated asset objects reloaded before import = 0Number of asset objects unloaded after import = 69

========================================================================
Received Import Request.
  Time since last request: 0.901356 seconds.
  path: Assets/Environments/New Palette 1.prefab
  artifactKey: Guid(5e9dbed65f99a134eafdca26c5baa156) Importer(2089858483,b0f066a214c2f5e87bad3c948f4d605d)
Start importing Assets/Environments/New Palette 1.prefab using Guid(5e9dbed65f99a134eafdca26c5baa156) Importer(2089858483,b0f066a214c2f5e87bad3c948f4d605d) (ScriptedImporter) -> (artifact id: '2e9a699cf608f77f26dfb341079de015') in 0.0332615 seconds
Number of updated asset objects reloaded before import = 0Number of asset objects unloaded after import = 10

========================================================================
Received Import Request.
  Time since last request: 57.073740 seconds.
  path: Assets/Environments/New Palette 1.prefab
  artifactKey: Guid(5e9dbed65f99a134eafdca26c5baa156) Importer(815301076,1909f56bfc062723c751e8b465ee728b)
Start importing Assets/Environments/New Palette 1.prefab using Guid(5e9dbed65f99a134eafdca26c5baa156) Importer(815301076,1909f56bfc062723c751e8b465ee728b) (PreviewImporter) -> (artifact id: '4b1b8c06749e434ea7a3e78b7cfcf522') in 0.0198114 seconds
Number of updated asset objects reloaded before import = 0Number of asset objects unloaded after import = 69

========================================================================
Received Import Request.
  Time since last request: 0.899635 seconds.
  path: Assets/Environments/New Palette 1.prefab
  artifactKey: Guid(5e9dbed65f99a134eafdca26c5baa156) Importer(2089858483,b0f066a214c2f5e87bad3c948f4d605d)
Start importing Assets/Environments/New Palette 1.prefab using Guid(5e9dbed65f99a134eafdca26c5baa156) Importer(2089858483,b0f066a214c2f5e87bad3c948f4d605d) (ScriptedImporter) -> (artifact id: '96ac6976d9087a1ef3bf254f3960a68b') in 0.0223821 seconds
Number of updated asset objects reloaded before import = 0Number of asset objects unloaded after import = 10

========================================================================
Received Import Request.
  Time since last request: 0.620318 seconds.
  path: Assets/Environments/New Palette 1.prefab
  artifactKey: Guid(5e9dbed65f99a134eafdca26c5baa156) Importer(815301076,1909f56bfc062723c751e8b465ee728b)
Start importing Assets/Environments/New Palette 1.prefab using Guid(5e9dbed65f99a134eafdca26c5baa156) Importer(815301076,1909f56bfc062723c751e8b465ee728b) (PreviewImporter) -> (artifact id: 'c28eed80fa218e7169c7ab659594e339') in 0.0214572 seconds
Number of updated asset objects reloaded before import = 0Number of asset objects unloaded after import = 69

========================================================================
Received Import Request.
  Time since last request: 0.910406 seconds.
  path: Assets/Environments/New Palette 1.prefab
  artifactKey: Guid(5e9dbed65f99a134eafdca26c5baa156) Importer(2089858483,b0f066a214c2f5e87bad3c948f4d605d)
Start importing Assets/Environments/New Palette 1.prefab using Guid(5e9dbed65f99a134eafdca26c5baa156) Importer(2089858483,b0f066a214c2f5e87bad3c948f4d605d) (ScriptedImporter) -> (artifact id: 'de8519094c78a7ae49caacce1851dba8') in 0.0347169 seconds
Number of updated asset objects reloaded before import = 0Number of asset objects unloaded after import = 10

========================================================================
Received Import Request.
  Time since last request: 109.886616 seconds.
  path: Assets/Environments/Enviroments_Main.png
  artifactKey: Guid(f76be2dd026c2a74d8eefb484165be0f) Importer(815301076,1909f56bfc062723c751e8b465ee728b)
Start importing Assets/Environments/Enviroments_Main.png using Guid(f76be2dd026c2a74d8eefb484165be0f) Importer(815301076,1909f56bfc062723c751e8b465ee728b) (PreviewImporter) -> (artifact id: '975ec5104c788dc5fad5f26de8685b11') in 0.0875094 seconds
Number of updated asset objects reloaded before import = 0Number of asset objects unloaded after import = 31

========================================================================
Received Import Request.
  Time since last request: 0.840961 seconds.
  path: Assets/Environments/Enviroments_Main.png
  artifactKey: Guid(f76be2dd026c2a74d8eefb484165be0f) Importer(2089858483,b0f066a214c2f5e87bad3c948f4d605d)
Start importing Assets/Environments/Enviroments_Main.png using Guid(f76be2dd026c2a74d8eefb484165be0f) Importer(2089858483,b0f066a214c2f5e87bad3c948f4d605d) (ScriptedImporter) -> (artifact id: '3ccf1fe2e69f27f6d03127f82ac0e68c') in 0.1139162 seconds
Number of updated asset objects reloaded before import = 0Number of asset objects unloaded after import = 31

========================================================================
Received Import Request.
  Time since last request: 5.960553 seconds.
  path: Assets/Environments/Enviroments_Main.png
  artifactKey: Guid(f76be2dd026c2a74d8eefb484165be0f) Importer(815301076,1909f56bfc062723c751e8b465ee728b)
Start importing Assets/Environments/Enviroments_Main.png using Guid(f76be2dd026c2a74d8eefb484165be0f) Importer(815301076,1909f56bfc062723c751e8b465ee728b) (PreviewImporter) -> (artifact id: '2379c1adde14852b35d040c02dbdf724') in 0.0742377 seconds
Number of updated asset objects reloaded before import = 0Number of asset objects unloaded after import = 31

========================================================================
Received Import Request.
  Time since last request: 0.863958 seconds.
  path: Assets/Environments/Enviroments_Main.png
  artifactKey: Guid(f76be2dd026c2a74d8eefb484165be0f) Importer(2089858483,b0f066a214c2f5e87bad3c948f4d605d)
Start importing Assets/Environments/Enviroments_Main.png using Guid(f76be2dd026c2a74d8eefb484165be0f) Importer(2089858483,b0f066a214c2f5e87bad3c948f4d605d) (ScriptedImporter) -> (artifact id: '29e3b1598f84f397318cfb671ff45bb2') in 0.0603293 seconds
Number of updated asset objects reloaded before import = 0Number of asset objects unloaded after import = 31

========================================================================
Received Import Request.
  Time since last request: 20.053596 seconds.
  path: Assets/Environments/Enviroments_Main_0.asset
  artifactKey: Guid(580005ced6a91b442a1fb6cc914f60d7) Importer(815301076,1909f56bfc062723c751e8b465ee728b)
Start importing Assets/Environments/Enviroments_Main_0.asset using Guid(580005ced6a91b442a1fb6cc914f60d7) Importer(815301076,1909f56bfc062723c751e8b465ee728b) (PreviewImporter) -> (artifact id: '3c00444500f35640493041d6be324a3e') in 0.0078294 seconds
Number of updated asset objects reloaded before import = 0Number of asset objects unloaded after import = 3

========================================================================
Received Import Request.
  Time since last request: 0.000024 seconds.
  path: Assets/Environments/Enviroments_Main_1.asset
  artifactKey: Guid(67551ab4e9ad45a40bf083455ec9eca9) Importer(815301076,1909f56bfc062723c751e8b465ee728b)
Start importing Assets/Environments/Enviroments_Main_1.asset using Guid(67551ab4e9ad45a40bf083455ec9eca9) Importer(815301076,1909f56bfc062723c751e8b465ee728b) (PreviewImporter) -> (artifact id: 'db925ff3a1020d2868c50792889dfc36') in 0.0062228 seconds
Number of updated asset objects reloaded before import = 0Number of asset objects unloaded after import = 3

========================================================================
Received Import Request.
  Time since last request: 0.000025 seconds.
  path: Assets/Environments/Enviroments_Main_8.asset
  artifactKey: Guid(a88d49025308a2d45b897cad85ba3510) Importer(815301076,1909f56bfc062723c751e8b465ee728b)
Start importing Assets/Environments/Enviroments_Main_8.asset using Guid(a88d49025308a2d45b897cad85ba3510) Importer(815301076,1909f56bfc062723c751e8b465ee728b) (PreviewImporter) -> (artifact id: 'd5d25c3b278f679c7bc67a8d3770fd64') in 0.00585 seconds
Number of updated asset objects reloaded before import = 0Number of asset objects unloaded after import = 3

========================================================================
Received Import Request.
  Time since last request: 0.000039 seconds.
  path: Assets/Environments/Enviroments_Main_13.asset
  artifactKey: Guid(e104845f90d315943b0e54e8edbc2696) Importer(815301076,1909f56bfc062723c751e8b465ee728b)
Start importing Assets/Environments/Enviroments_Main_13.asset using Guid(e104845f90d315943b0e54e8edbc2696) Importer(815301076,1909f56bfc062723c751e8b465ee728b) (PreviewImporter) -> (artifact id: '5ec77d78b839a1d2e732a216450867ba') in 0.007054 seconds
Number of updated asset objects reloaded before import = 0Number of asset objects unloaded after import = 3

========================================================================
Received Import Request.
  Time since last request: 0.000040 seconds.
  path: Assets/Environments/Enviroments_Main_18.asset
  artifactKey: Guid(1633ab23a19dbd643940e96843a4869f) Importer(815301076,1909f56bfc062723c751e8b465ee728b)
Start importing Assets/Environments/Enviroments_Main_18.asset using Guid(1633ab23a19dbd643940e96843a4869f) Importer(815301076,1909f56bfc062723c751e8b465ee728b) (PreviewImporter) -> (artifact id: 'cd918259c004b6b22f8cc2cc9f6cae1c') in 0.0062034 seconds
Number of updated asset objects reloaded before import = 0Number of asset objects unloaded after import = 3

========================================================================
Received Import Request.
  Time since last request: 0.000028 seconds.
  path: Assets/Environments/Enviroments_Main_9.asset
  artifactKey: Guid(93a0e551c10e32749b286ffd22aa724e) Importer(815301076,1909f56bfc062723c751e8b465ee728b)
Start importing Assets/Environments/Enviroments_Main_9.asset using Guid(93a0e551c10e32749b286ffd22aa724e) Importer(815301076,1909f56bfc062723c751e8b465ee728b) (PreviewImporter) -> (artifact id: '0a38f683166fcfc8ce302198c68ab454') in 0.0073278 seconds
Number of updated asset objects reloaded before import = 0Number of asset objects unloaded after import = 3

========================================================================
Received Import Request.
  Time since last request: 0.000035 seconds.
  path: Assets/Environments/Enviroments_Main_20.asset
  artifactKey: Guid(410e7cc3e9fd54c43a0ce28032af2612) Importer(815301076,1909f56bfc062723c751e8b465ee728b)
Start importing Assets/Environments/Enviroments_Main_20.asset using Guid(410e7cc3e9fd54c43a0ce28032af2612) Importer(815301076,1909f56bfc062723c751e8b465ee728b) (PreviewImporter) -> (artifact id: '378c122c56375267252009a43119c36b') in 0.0073951 seconds
Number of updated asset objects reloaded before import = 0Number of asset objects unloaded after import = 3

========================================================================
Received Import Request.
  Time since last request: 0.000031 seconds.
  path: Assets/Environments/Enviroments_Main_11.asset
  artifactKey: Guid(64a9e59d3e7adcf499719a5c2424c720) Importer(815301076,1909f56bfc062723c751e8b465ee728b)
Start importing Assets/Environments/Enviroments_Main_11.asset using Guid(64a9e59d3e7adcf499719a5c2424c720) Importer(815301076,1909f56bfc062723c751e8b465ee728b) (PreviewImporter) -> (artifact id: 'dbd10881018e95f15c2bdd153a33e734') in 0.0063067 seconds
Number of updated asset objects reloaded before import = 0Number of asset objects unloaded after import = 3

========================================================================
Received Import Request.
  Time since last request: 0.000038 seconds.
  path: Assets/Environments/Enviroments_Main_7.asset
  artifactKey: Guid(3084726fd3ca21a478aa7783cadfd037) Importer(815301076,1909f56bfc062723c751e8b465ee728b)
Start importing Assets/Environments/Enviroments_Main_7.asset using Guid(3084726fd3ca21a478aa7783cadfd037) Importer(815301076,1909f56bfc062723c751e8b465ee728b) (PreviewImporter) -> (artifact id: '9e9fa469e1f98e938960a615770b97db') in 0.0065353 seconds
Number of updated asset objects reloaded before import = 0Number of asset objects unloaded after import = 3

========================================================================
Received Import Request.
  Time since last request: 0.000045 seconds.
  path: Assets/Environments/Enviroments_Main_3.asset
  artifactKey: Guid(ed827295264489845a4e09e0d441f3df) Importer(815301076,1909f56bfc062723c751e8b465ee728b)
Start importing Assets/Environments/Enviroments_Main_3.asset using Guid(ed827295264489845a4e09e0d441f3df) Importer(815301076,1909f56bfc062723c751e8b465ee728b) (PreviewImporter) -> (artifact id: '9a813a4cb91e40acef378b70bb6134db') in 0.0075713 seconds
Number of updated asset objects reloaded before import = 0Number of asset objects unloaded after import = 3

========================================================================
Received Import Request.
  Time since last request: 0.000035 seconds.
  path: Assets/Environments/New Palette 1.prefab
  artifactKey: Guid(5e9dbed65f99a134eafdca26c5baa156) Importer(815301076,1909f56bfc062723c751e8b465ee728b)
Start importing Assets/Environments/New Palette 1.prefab using Guid(5e9dbed65f99a134eafdca26c5baa156) Importer(815301076,1909f56bfc062723c751e8b465ee728b) (PreviewImporter) -> (artifact id: 'e383af4de573b7ff211fb660e2024107') in 0.0316343 seconds
Number of updated asset objects reloaded before import = 0Number of asset objects unloaded after import = 69

========================================================================
Received Import Request.
  Time since last request: 0.000028 seconds.
  path: Assets/Environments/Enviroments_Main_27.asset
  artifactKey: Guid(c5ba1755abf5ea542bf1b2a539e8fc97) Importer(815301076,1909f56bfc062723c751e8b465ee728b)
Start importing Assets/Environments/Enviroments_Main_27.asset using Guid(c5ba1755abf5ea542bf1b2a539e8fc97) Importer(815301076,1909f56bfc062723c751e8b465ee728b) (PreviewImporter) -> (artifact id: '321caca83d154e1b1e0b9680306a6e89') in 0.0072572 seconds
Number of updated asset objects reloaded before import = 0Number of asset objects unloaded after import = 3

========================================================================
Received Import Request.
  Time since last request: 0.000031 seconds.
  path: Assets/Environments/Enviroments_Main_22.asset
  artifactKey: Guid(ef4453e7bc1b06947986b7b6b004aa98) Importer(815301076,1909f56bfc062723c751e8b465ee728b)
Start importing Assets/Environments/Enviroments_Main_22.asset using Guid(ef4453e7bc1b06947986b7b6b004aa98) Importer(815301076,1909f56bfc062723c751e8b465ee728b) (PreviewImporter) -> (artifact id: '89590deed7498e810e049937a532675d') in 0.0066295 seconds
Number of updated asset objects reloaded before import = 0Number of asset objects unloaded after import = 3

========================================================================
Received Import Request.
  Time since last request: 0.000037 seconds.
  path: Assets/Environments/Enviroments_Main_4.asset
  artifactKey: Guid(61528c4b9a26ee74da4dccb62f9eca0d) Importer(815301076,1909f56bfc062723c751e8b465ee728b)
Start importing Assets/Environments/Enviroments_Main_4.asset using Guid(61528c4b9a26ee74da4dccb62f9eca0d) Importer(815301076,1909f56bfc062723c751e8b465ee728b) (PreviewImporter) -> (artifact id: 'a3429bd64002b5afb6c75e1750faf33f') in 0.008277 seconds
Number of updated asset objects reloaded before import = 0Number of asset objects unloaded after import = 3

========================================================================
Received Import Request.
  Time since last request: 0.000040 seconds.
  path: Assets/Environments/Enviroments_Main_26.asset
  artifactKey: Guid(e3029c4c3eb4c524e9f0e9c40a032e51) Importer(815301076,1909f56bfc062723c751e8b465ee728b)
Start importing Assets/Environments/Enviroments_Main_26.asset using Guid(e3029c4c3eb4c524e9f0e9c40a032e51) Importer(815301076,1909f56bfc062723c751e8b465ee728b) (PreviewImporter) -> (artifact id: '6232dd3828953becfd73c2d3314c4001') in 0.0061285 seconds
Number of updated asset objects reloaded before import = 0Number of asset objects unloaded after import = 3

Editor requested this worker to shutdown with reason: Scaling down because of idle timeout
AssetImportWorker is now disconnected from the server
Process exiting
Exiting without the bug reporter. Application will terminate with return code 0