[Licensing::Module] Trying to connect to existing licensing client channel...
Built from '6000.3/staging' branch; Version is '6000.3.5f1 (a1ec4b2f2d19) revision 10611787'; Using compiler version '194234433'; Build Type 'Release'
OS: 'Windows 11  (10.0.26200) Professional' Language: 'ru' Physical Memory: 16084 MB
[Licensing::IpcConnector] Successfully connected to: "LicenseClient-Артем" at "2026-05-02T12:13:10.776143Z"
BatchMode: 1, IsHumanControllingUs: 0, StartBugReporterOnCrash: 0, Is64bit: 1
System  architecture: x64
Process architecture: x64
Date: 2026-05-02T12:13:10Z

COMMAND LINE ARGUMENTS:
C:\Program Files\Unity\Hub\Editor\6000.3.5f1\Editor\Unity.exe
-adb2
-batchMode
-noUpm
-name
AssetImportWorker7
-projectPath
C:/Users/Артем/my2dgame/Temp/2dgame/Temp/TarGZ/OinkJam2
-logFile
Logs/AssetImportWorker7.log
-srvPort
50887
-licensingIpc
LicenseClient-Артем
-job-worker-count
7
-background-job-worker-count
8
-gc-helper-count
1
-name
AssetImport
Successfully changed project path to: C:/Users/Артем/my2dgame/Temp/2dgame/Temp/TarGZ/OinkJam2
C:/Users/Артем/my2dgame/Temp/2dgame/Temp/TarGZ/OinkJam2
[UnityMemory] Configuration Parameters - Can be set up in boot.config
    "memorysetup-temp-allocator-size-nav-mesh-worker=65536"
    "memorysetup-temp-allocator-size-audio-worker=65536"
    "memorysetup-temp-allocator-size-gfx=262144"
    "memorysetup-allocator-temp-initial-block-size-main=262144"
    "memorysetup-allocator-temp-initial-block-size-worker=262144"
    "memorysetup-temp-allocator-size-background-worker=32768"
    "memorysetup-temp-allocator-size-job-worker=262144"
    "memorysetup-temp-allocator-size-preload-manager=33554432"
    "memorysetup-temp-allocator-size-gi-baking-worker=262144"
    "memorysetup-temp-allocator-size-gi-baking-worker=262144"
    "memorysetup-temp-allocator-size-gi-baking-worker=262144"
    "memorysetup-temp-allocator-size-gi-baking-worker=262144"
    "memorysetup-temp-allocator-size-gi-baking-worker=262144"
    "memorysetup-bucket-allocator-granularity=16"
    "memorysetup-bucket-allocator-bucket-count=8"
    "memorysetup-bucket-allocator-block-size=33554432"
    "memorysetup-bucket-allocator-block-count=8"
    "memorysetup-main-allocator-block-size=16777216"
    "memorysetup-thread-allocator-block-size=16777216"
    "memorysetup-gfx-main-allocator-block-size=16777216"
    "memorysetup-gfx-thread-allocator-block-size=16777216"
    "memorysetup-cache-allocator-block-size=4194304"
    "memorysetup-typetree-allocator-block-size=2097152"
    "memorysetup-profiler-bucket-allocator-granularity=16"
    "memorysetup-profiler-bucket-allocator-bucket-count=8"
    "memorysetup-profiler-bucket-allocator-block-size=33554432"
    "memorysetup-profiler-bucket-allocator-block-count=8"
    "memorysetup-profiler-allocator-block-size=16777216"
    "memorysetup-profiler-editor-allocator-block-size=1048576"
    "memorysetup-temp-allocator-size-main=16777216"
    "memorysetup-job-temp-allocator-block-size=2097152"
    "memorysetup-job-temp-allocator-block-size-background=1048576"
    "memorysetup-job-temp-allocator-reduction-small-platforms=262144"
    "memorysetup-temp-allocator-size-cloud-worker=32768"
Player connection [24124]  Target information:

Player connection [24124]  * "[IP] 192.168.0.18 [Port] 0 [Flags] 2 [Guid] 1790471097 [EditorId] 1790471097 [Version] 1048832 [Id] WindowsEditor(7,DESKTOP-JR0QLJT) [Debug] 1 [PackageName] WindowsEditor [ProjectName] Editor" 

Player connection [24124] Host joined multi-casting on [225.0.0.222:54997]...
Player connection [24124] Host joined alternative multi-casting on [225.0.0.222:34997]...
JobSystem: Creating JobQueue using job-worker-count value 7
Input System module state changed to: Initialized.
[Physics::Module] Initialized fallback backend.
[Physics::Module] Id: 0xdecafbad
Library Redirect Path: Library/
[Physics::Module] Selected backend.
[Physics::Module] Name: PhysX
[Physics::Module] Id: 0xf2b8ea05
[Physics::Module] SDK Version: 4.1.2
[Physics::Module] Integration Version: 1.0.0
[Physics::Module] Threading Mode: Multi-Threaded
Refreshing native plugins compatible for Editor in 5.32 ms, found 4 plugins.
Preloading 0 native plugins for Editor in 0.00 ms.
Initialize engine version: 6000.3.5f1 (a1ec4b2f2d19)
[Subsystems] Discovering subsystems at path C:/Program Files/Unity/Hub/Editor/6000.3.5f1/Editor/Data/Resources/UnitySubsystems
[Subsystems] Discovering subsystems at path C:/Users/Артем/my2dgame/Temp/2dgame/Temp/TarGZ/OinkJam2/Assets
GfxDevice: creating device client; kGfxThreadingModeNonThreaded
Direct3D:
    Version:  Direct3D 11.0 [level 11.1]
    Renderer: NVIDIA GeForce RTX 3050 Laptop GPU (ID=0x25a2)
    Vendor:   NVIDIA
    VRAM:     3965 MB
    Driver:   32.0.15.9174
Initialize mono
Mono path[0] = 'C:/Program Files/Unity/Hub/Editor/6000.3.5f1/Editor/Data/Managed'
Mono path[1] = 'C:/Program Files/Unity/Hub/Editor/6000.3.5f1/Editor/Data/MonoBleedingEdge/lib/mono/unityjit-win32'
Mono config path = 'C:/Program Files/Unity/Hub/Editor/6000.3.5f1/Editor/Data/MonoBleedingEdge/etc'
Using monoOptions --debugger-agent=transport=dt_socket,embedding=1,server=y,suspend=n,address=127.0.0.1:56688
Begin MonoManager ReloadAssembly
Registering precompiled unity dll's ...
Register platform support module: C:/Program Files/Unity/Hub/Editor/6000.3.5f1/Editor/Data/PlaybackEngines/WebGLSupport/UnityEditor.WebGL.Extensions.dll
Register platform support module: C:/Program Files/Unity/Hub/Editor/6000.3.5f1/Editor/Data/PlaybackEngines/WindowsStandaloneSupport/UnityEditor.WindowsStandalone.Extensions.dll
Registered in 0.002117 seconds.
[Licensing::Client] Handshaking with LicensingClient:
  Version:                 1.17.4+4293ba1
  Session Id:              ffb19251dbaa4ab596b0f254b64b592e
  Correlation Id:          52dc926c7de68f696a32230c19edc8f6
  External correlation Id: 1196570474754835070
  Machine Id:              I2Y9b94ppyLyV8HiTF3ycXiV11g=
[Licensing::Module] Successfully connected to LicensingClient on channel: "LicenseClient-Артем" (connect: 0.00s, validation: 0.00s, handshake: 1.17s)
[Licensing::IpcConnector] Successfully connected to: "LicenseClient-Артем-notifications" at "2026-05-02T12:13:11.9505988Z"
[Licensing::Module] Licensing Background thread has ended after 1.17s
- Loaded All Assemblies, in  0.411 seconds
Native extension for WindowsStandalone target not found
Native extension for WebGL target not found
ScheduleIndexationOnStartup MainProcess:False IndexOnStartup:True
Mono: successfully reloaded assembly
- Finished resetting the current domain, in  0.421 seconds
Domain Reload Profiling: 829ms
	BeginReloadAssembly (130ms)
		ExecutionOrderSort (0ms)
		DisableScriptedObjects (0ms)
		BackupInstance (0ms)
		ReleaseScriptingObjects (0ms)
		CreateAndSetChildDomain (1ms)
	RebuildCommonClasses (37ms)
	RebuildNativeTypeToScriptingClass (13ms)
	initialDomainReloadingComplete (50ms)
	LoadAllAssembliesAndSetupDomain (178ms)
		LoadAssemblies (127ms)
		RebuildTransferFunctionScriptingTraits (0ms)
		AnalyzeDomain (175ms)
			TypeCache.Refresh (173ms)
				TypeCache.ScanAssembly (161ms)
			BuildScriptInfoCaches (0ms)
			ResolveRequiredComponents (0ms)
	FinalizeReload (421ms)
		ReleaseScriptCaches (0ms)
		RebuildScriptCaches (0ms)
		SetupLoadedEditorAssemblies (379ms)
			LogAssemblyErrors (0ms)
			InitializePlatformSupportModulesInManaged (45ms)
			SetLoadedEditorAssemblies (4ms)
			BeforeProcessingInitializeOnLoad (90ms)
			ProcessInitializeOnLoadAttributes (161ms)
			ProcessInitializeOnLoadMethodAttributes (79ms)
			AfterProcessingInitializeOnLoad (0ms)
			EditorAssembliesLoaded (0ms)
		ExecutionOrderSort2 (0ms)
		AwakeInstancesAfterBackupRestoration (0ms)
========================================================================
Worker process is ready to serve import requests
Import Worker Mode flag is 0x00
Begin MonoManager ReloadAssembly
[Licensing::Client] Successfully resolved entitlement details
[Licensing::Module] License group:
  Id: 10171103463798-UnityPersXXXX
  Product: Unity Personal
  Type: Assigned
  Expiration: Unlimited
- Loaded All Assemblies, in  0.915 seconds
Refreshing native plugins compatible for Editor in 2.28 ms, found 4 plugins.
Native extension for WindowsStandalone target not found
Native extension for WebGL target not found
Package Manager log level set to [2]
[Package Manager] Failed to launch server process. Reason: Unity was launched with the -noUpm command-line argument
[Package Manager] Unable to send message (not connected to server process).
[Package Manager] Cannot connect to Unity Package Manager local server
ScheduleIndexationOnStartup MainProcess:False IndexOnStartup:True
Mono: successfully reloaded assembly
- Finished resetting the current domain, in  1.140 seconds
Domain Reload Profiling: 2049ms
	BeginReloadAssembly (186ms)
		ExecutionOrderSort (0ms)
		DisableScriptedObjects (7ms)
		BackupInstance (0ms)
		ReleaseScriptingObjects (0ms)
		CreateAndSetChildDomain (33ms)
	RebuildCommonClasses (37ms)
	RebuildNativeTypeToScriptingClass (12ms)
	initialDomainReloadingComplete (40ms)
	LoadAllAssembliesAndSetupDomain (633ms)
		LoadAssemblies (440ms)
		RebuildTransferFunctionScriptingTraits (0ms)
		AnalyzeDomain (293ms)
			TypeCache.Refresh (193ms)
				TypeCache.ScanAssembly (178ms)
			BuildScriptInfoCaches (86ms)
			ResolveRequiredComponents (10ms)
	FinalizeReload (1141ms)
		ReleaseScriptCaches (0ms)
		RebuildScriptCaches (0ms)
		SetupLoadedEditorAssemblies (997ms)
			LogAssemblyErrors (0ms)
			InitializePlatformSupportModulesInManaged (3ms)
			SetLoadedEditorAssemblies (5ms)
			BeforeProcessingInitializeOnLoad (262ms)
			ProcessInitializeOnLoadAttributes (582ms)
			ProcessInitializeOnLoadMethodAttributes (138ms)
			AfterProcessingInitializeOnLoad (6ms)
			EditorAssembliesLoaded (0ms)
		ExecutionOrderSort2 (0ms)
		AwakeInstancesAfterBackupRestoration (7ms)
Launched and connected shader compiler UnityShaderCompiler.exe after 0.01 seconds
Refreshing native plugins compatible for Editor in 1.77 ms, found 4 plugins.
Preloading 0 native plugins for Editor in 0.00 ms.
Unloading 16 Unused Serialized files (Serialized files now loaded: 0)
Unloading 6910 unused Assets / (5.2 MB). Loaded Objects now: 7727.
Memory consumption went from 156.4 MB to 151.3 MB.
Total: 10.202300 ms (FindLiveObjects: 0.637900 ms CreateObjectMapping: 0.649900 ms MarkObjects: 6.371100 ms  DeleteObjects: 2.541900 ms)

========================================================================
Received Import Request.
  Time since last request: 19089.552049 seconds.
  path: Assets/Environments/Enviroments_Main_0.asset
  artifactKey: Guid(580005ced6a91b442a1fb6cc914f60d7) Importer(815301076,1909f56bfc062723c751e8b465ee728b)
Start importing Assets/Environments/Enviroments_Main_0.asset using Guid(580005ced6a91b442a1fb6cc914f60d7) Importer(815301076,1909f56bfc062723c751e8b465ee728b) (PreviewImporter) -> (artifact id: '3c8ea4b987670cc202b9d15f18373516') in 0.2061593 seconds
Number of updated asset objects reloaded before import = 0Number of asset objects unloaded after import = 3

========================================================================
Received Import Request.
  Time since last request: 0.000030 seconds.
  path: Assets/Environments/Enviroments_Main_18.asset
  artifactKey: Guid(1633ab23a19dbd643940e96843a4869f) Importer(815301076,1909f56bfc062723c751e8b465ee728b)
Start importing Assets/Environments/Enviroments_Main_18.asset using Guid(1633ab23a19dbd643940e96843a4869f) Importer(815301076,1909f56bfc062723c751e8b465ee728b) (PreviewImporter) -> (artifact id: '8284dae96fa9bf1dcd161b551fc222cb') in 0.0108381 seconds
Number of updated asset objects reloaded before import = 0Number of asset objects unloaded after import = 3

========================================================================
Received Import Request.
  Time since last request: 0.000036 seconds.
  path: Assets/Environments/Enviroments_Main_8.asset
  artifactKey: Guid(a88d49025308a2d45b897cad85ba3510) Importer(815301076,1909f56bfc062723c751e8b465ee728b)
Start importing Assets/Environments/Enviroments_Main_8.asset using Guid(a88d49025308a2d45b897cad85ba3510) Importer(815301076,1909f56bfc062723c751e8b465ee728b) (PreviewImporter) -> (artifact id: '8a2fcd2bb51ddff3e093a81b84e7bec8') in 0.0098277 seconds
Number of updated asset objects reloaded before import = 0Number of asset objects unloaded after import = 3

========================================================================
Received Import Request.
  Time since last request: 0.000023 seconds.
  path: Assets/Environments/Enviroments_Main_9.asset
  artifactKey: Guid(93a0e551c10e32749b286ffd22aa724e) Importer(815301076,1909f56bfc062723c751e8b465ee728b)
Start importing Assets/Environments/Enviroments_Main_9.asset using Guid(93a0e551c10e32749b286ffd22aa724e) Importer(815301076,1909f56bfc062723c751e8b465ee728b) (PreviewImporter) -> (artifact id: '9477347eac17c191672678cd42414362') in 0.0082771 seconds
Number of updated asset objects reloaded before import = 0Number of asset objects unloaded after import = 3

========================================================================
Received Import Request.
  Time since last request: 0.000017 seconds.
  path: Assets/Environments/Enviroments_Main_20.asset
  artifactKey: Guid(410e7cc3e9fd54c43a0ce28032af2612) Importer(815301076,1909f56bfc062723c751e8b465ee728b)
Start importing Assets/Environments/Enviroments_Main_20.asset using Guid(410e7cc3e9fd54c43a0ce28032af2612) Importer(815301076,1909f56bfc062723c751e8b465ee728b) (PreviewImporter) -> (artifact id: '420aff84cae097126bf9d9c6b1451d0d') in 0.0079402 seconds
Number of updated asset objects reloaded before import = 0Number of asset objects unloaded after import = 3

========================================================================
Received Import Request.
  Time since last request: 0.000020 seconds.
  path: Assets/Environments/Enviroments_Main_11.asset
  artifactKey: Guid(64a9e59d3e7adcf499719a5c2424c720) Importer(815301076,1909f56bfc062723c751e8b465ee728b)
Start importing Assets/Environments/Enviroments_Main_11.asset using Guid(64a9e59d3e7adcf499719a5c2424c720) Importer(815301076,1909f56bfc062723c751e8b465ee728b) (PreviewImporter) -> (artifact id: '6a8264a93d7216fdd14d85eb57a120d5') in 0.0102946 seconds
Number of updated asset objects reloaded before import = 0Number of asset objects unloaded after import = 3

========================================================================
Received Import Request.
  Time since last request: 0.000036 seconds.
  path: Assets/Environments/Enviroments_Main_1.asset
  artifactKey: Guid(67551ab4e9ad45a40bf083455ec9eca9) Importer(815301076,1909f56bfc062723c751e8b465ee728b)
Start importing Assets/Environments/Enviroments_Main_1.asset using Guid(67551ab4e9ad45a40bf083455ec9eca9) Importer(815301076,1909f56bfc062723c751e8b465ee728b) (PreviewImporter) -> (artifact id: '3cf9a3155c50de8db39ac92d4019ac22') in 0.0087916 seconds
Number of updated asset objects reloaded before import = 0Number of asset objects unloaded after import = 3

========================================================================
Received Import Request.
  Time since last request: 0.000055 seconds.
  path: Assets/Environments/Enviroments_Main_10.asset
  artifactKey: Guid(ff9b5ef6c6fed1a4bbea94fb70cd7c43) Importer(815301076,1909f56bfc062723c751e8b465ee728b)
Start importing Assets/Environments/Enviroments_Main_10.asset using Guid(ff9b5ef6c6fed1a4bbea94fb70cd7c43) Importer(815301076,1909f56bfc062723c751e8b465ee728b) (PreviewImporter) -> (artifact id: '57bf8648a52cdd14fac74e9dee329b9b') in 0.0076621 seconds
Number of updated asset objects reloaded before import = 0Number of asset objects unloaded after import = 3

========================================================================
Received Import Request.
  Time since last request: 0.000027 seconds.
  path: Assets/Environments/Enviroments_Main_24.asset
  artifactKey: Guid(90d664e56405ea34e8a6fea917a3cbed) Importer(815301076,1909f56bfc062723c751e8b465ee728b)
Start importing Assets/Environments/Enviroments_Main_24.asset using Guid(90d664e56405ea34e8a6fea917a3cbed) Importer(815301076,1909f56bfc062723c751e8b465ee728b) (PreviewImporter) -> (artifact id: '799d64b41b467c179a8b0e7147512979') in 0.0092636 seconds
Number of updated asset objects reloaded before import = 0Number of asset objects unloaded after import = 3

========================================================================
Received Import Request.
  Time since last request: 0.000020 seconds.
  path: Assets/Environments/Enviroments_Main_27.asset
  artifactKey: Guid(c5ba1755abf5ea542bf1b2a539e8fc97) Importer(815301076,1909f56bfc062723c751e8b465ee728b)
Start importing Assets/Environments/Enviroments_Main_27.asset using Guid(c5ba1755abf5ea542bf1b2a539e8fc97) Importer(815301076,1909f56bfc062723c751e8b465ee728b) (PreviewImporter) -> (artifact id: 'd706f679898e86f0d47db5f880ec2732') in 0.0193098 seconds
Number of updated asset objects reloaded before import = 0Number of asset objects unloaded after import = 3

========================================================================
Received Import Request.
  Time since last request: 0.000027 seconds.
  path: Assets/Environments/Enviroments_Main_22.asset
  artifactKey: Guid(ef4453e7bc1b06947986b7b6b004aa98) Importer(815301076,1909f56bfc062723c751e8b465ee728b)
Start importing Assets/Environments/Enviroments_Main_22.asset using Guid(ef4453e7bc1b06947986b7b6b004aa98) Importer(815301076,1909f56bfc062723c751e8b465ee728b) (PreviewImporter) -> (artifact id: '2332da82b12384e47d6c3bacca7823eb') in 0.0237038 seconds
Number of updated asset objects reloaded before import = 0Number of asset objects unloaded after import = 3

========================================================================
Received Import Request.
  Time since last request: 0.000030 seconds.
  path: Assets/Environments/Enviroments_Main_4.asset
  artifactKey: Guid(61528c4b9a26ee74da4dccb62f9eca0d) Importer(815301076,1909f56bfc062723c751e8b465ee728b)
Start importing Assets/Environments/Enviroments_Main_4.asset using Guid(61528c4b9a26ee74da4dccb62f9eca0d) Importer(815301076,1909f56bfc062723c751e8b465ee728b) (PreviewImporter) -> (artifact id: 'a5883d1ab2e7b7a3a84f1524d2e0681d') in 0.0065052 seconds
Number of updated asset objects reloaded before import = 0Number of asset objects unloaded after import = 3

========================================================================
Received Import Request.
  Time since last request: 0.000040 seconds.
  path: Assets/Environments/Enviroments_Main.png
  artifactKey: Guid(f76be2dd026c2a74d8eefb484165be0f) Importer(2089858483,b0f066a214c2f5e87bad3c948f4d605d)
Start importing Assets/Environments/Enviroments_Main.png using Guid(f76be2dd026c2a74d8eefb484165be0f) Importer(2089858483,b0f066a214c2f5e87bad3c948f4d605d) (ScriptedImporter) -> (artifact id: 'ca735fb6daa7d6875d238d753ed1cea8') in 0.262733 seconds
Number of updated asset objects reloaded before import = 0Number of asset objects unloaded after import = 32

Editor requested this worker to shutdown with reason: Scaling down because of idle timeout
AssetImportWorker is now disconnected from the server
Process exiting
Exiting without the bug reporter. Application will terminate with return code 0